-- Found ament_cmake: 0.9.11 (/opt/ros/foxy/share/ament_cmake/cmake)
-- Using PYTHON_EXECUTABLE: /usr/bin/python3
-- Override CMake install command with custom implementation using symlinks instead of copying resources
-- Found rclcpp: 2.4.2 (/opt/ros/foxy/share/rclcpp/cmake)
-- Using all available rosidl_typesupport_c: rosidl_typesupport_fastrtps_c;rosidl_typesupport_introspection_c
-- Found rosidl_adapter: 1.3.0 (/opt/ros/foxy/share/rosidl_adapter/cmake)
-- Using all available rosidl_typesupport_cpp: rosidl_typesupport_fastrtps_cpp;rosidl_typesupport_introspection_cpp
-- Found rmw_implementation_cmake: 1.0.3 (/opt/ros/foxy/share/rmw_implementation_cmake/cmake)
-- Using RMW implementation 'rmw_fastrtps_cpp' as default
-- Found rclpy: 1.0.11 (/opt/ros/foxy/share/rclpy/cmake)
-- Configuring done
-- Generating done
-- Build files have been written to: /home/pumid/Desktop/athome/athome_ws/build/gesture_detection
[100%] Built target cpp_node_test
-- Install configuration: ""
-- Execute custom install script
-- Up-to-date symlink: /home/pumid/Desktop/athome/athome_ws/install/gesture_detection/share/gesture_detection/environment/pythonpath.sh
-- Up-to-date symlink: /home/pumid/Desktop/athome/athome_ws/install/gesture_detection/share/gesture_detection/environment/pythonpath.dsv
-- Up-to-date symlink: /home/pumid/Desktop/athome/athome_ws/install/gesture_detection/lib/python3.8/site-packages/gesture_detection/__init__.py
-- Up-to-date symlink: /home/pumid/Desktop/athome/athome_ws/install/gesture_detection/lib/python3.8/site-packages/gesture_detection/dummy_module.py
-- Up-to-date symlink: /home/pumid/Desktop/athome/athome_ws/install/gesture_detection/lib/gesture_detection/dummy_script.py
-- Up-to-date symlink: /home/pumid/Desktop/athome/athome_ws/install/gesture_detection/lib/gesture_detection/image_publisher.py
-- Up-to-date symlink: /home/pumid/Desktop/athome/athome_ws/install/gesture_detection/lib/gesture_detection/gesture_detection.py
-- Symlinking: /home/pumid/Desktop/athome/athome_ws/install/gesture_detection/lib/gesture_detection/Sample_RootFile.py
-- Up-to-date symlink: /home/pumid/Desktop/athome/athome_ws/install/gesture_detection/lib/gesture_detection/cpp_node_test
-- Up-to-date symlink: /home/pumid/Desktop/athome/athome_ws/install/gesture_detection/share/gesture_detection/launch/launch.py
-- Up-to-date symlink: /home/pumid/Desktop/athome/athome_ws/install/gesture_detection/share/ament_index/resource_index/package_run_dependencies/gesture_detection
-- Up-to-date symlink: /home/pumid/Desktop/athome/athome_ws/install/gesture_detection/share/ament_index/resource_index/parent_prefix_path/gesture_detection
-- Up-to-date symlink: /home/pumid/Desktop/athome/athome_ws/install/gesture_detection/share/gesture_detection/environment/ament_prefix_path.sh
-- Up-to-date symlink: /home/pumid/Desktop/athome/athome_ws/install/gesture_detection/share/gesture_detection/environment/ament_prefix_path.dsv
-- Up-to-date symlink: /home/pumid/Desktop/athome/athome_ws/install/gesture_detection/share/gesture_detection/environment/path.sh
-- Up-to-date symlink: /home/pumid/Desktop/athome/athome_ws/install/gesture_detection/share/gesture_detection/environment/path.dsv
-- Up-to-date symlink: /home/pumid/Desktop/athome/athome_ws/install/gesture_detection/share/gesture_detection/local_setup.bash
-- Up-to-date symlink: /home/pumid/Desktop/athome/athome_ws/install/gesture_detection/share/gesture_detection/local_setup.sh
-- Up-to-date symlink: /home/pumid/Desktop/athome/athome_ws/install/gesture_detection/share/gesture_detection/local_setup.zsh
-- Up-to-date symlink: /home/pumid/Desktop/athome/athome_ws/install/gesture_detection/share/gesture_detection/local_setup.dsv
-- Symlinking: /home/pumid/Desktop/athome/athome_ws/install/gesture_detection/share/gesture_detection/package.dsv
-- Up-to-date symlink: /home/pumid/Desktop/athome/athome_ws/install/gesture_detection/share/ament_index/resource_index/packages/gesture_detection
-- Up-to-date symlink: /home/pumid/Desktop/athome/athome_ws/install/gesture_detection/share/gesture_detection/cmake/gesture_detectionConfig.cmake
-- Up-to-date symlink: /home/pumid/Desktop/athome/athome_ws/install/gesture_detection/share/gesture_detection/cmake/gesture_detectionConfig-version.cmake
-- Up-to-date symlink: /home/pumid/Desktop/athome/athome_ws/install/gesture_detection/share/gesture_detection/package.xml
Listing '/home/pumid/Desktop/athome/athome_ws/install/gesture_detection/lib/python3.8/site-packages/gesture_detection'...
