[0.024s] Invoking command in '/home/pumid/Desktop/athome/athome_ws/build/gesture_detection': CMAKE_PREFIX_PATH=${CMAKE_PREFIX_PATH}:/home/pumid/Desktop/fra333/learning_ws/install/urdf_tutorial_r2d2:/opt/ros/foxy /usr/bin/cmake --build /home/pumid/Desktop/athome/athome_ws/build/gesture_detection -- -j16 -l16
[0.067s] -- Found ament_cmake: 0.9.11 (/opt/ros/foxy/share/ament_cmake/cmake)
[0.098s] -- Using PYTHON_EXECUTABLE: /usr/bin/python3
[0.259s] -- Override CMake install command with custom implementation using symlinks instead of copying resources
[0.274s] -- Found rclcpp: 2.4.2 (/opt/ros/foxy/share/rclcpp/cmake)
[0.311s] -- Using all available rosidl_typesupport_c: rosidl_typesupport_fastrtps_c;rosidl_typesupport_introspection_c
[0.314s] -- Found rosidl_adapter: 1.3.0 (/opt/ros/foxy/share/rosidl_adapter/cmake)
[0.462s] -- Using all available rosidl_typesupport_cpp: rosidl_typesupport_fastrtps_cpp;rosidl_typesupport_introspection_cpp
[0.509s] -- Found rmw_implementation_cmake: 1.0.3 (/opt/ros/foxy/share/rmw_implementation_cmake/cmake)
[0.512s] -- Using RMW implementation 'rmw_fastrtps_cpp' as default
[0.655s] -- Found rclpy: 1.0.10 (/opt/ros/foxy/share/rclpy/cmake)
[0.735s] -- Configuring done
[0.746s] -- Generating done
[0.750s] -- Build files have been written to: /home/pumid/Desktop/athome/athome_ws/build/gesture_detection
[0.810s] [100%] Built target cpp_node_test
[0.826s] Invoked command in '/home/pumid/Desktop/athome/athome_ws/build/gesture_detection' returned '0': CMAKE_PREFIX_PATH=${CMAKE_PREFIX_PATH}:/home/pumid/Desktop/fra333/learning_ws/install/urdf_tutorial_r2d2:/opt/ros/foxy /usr/bin/cmake --build /home/pumid/Desktop/athome/athome_ws/build/gesture_detection -- -j16 -l16
[0.882s] Invoking command in '/home/pumid/Desktop/athome/athome_ws/build/gesture_detection': CMAKE_PREFIX_PATH=${CMAKE_PREFIX_PATH}:/home/pumid/Desktop/fra333/learning_ws/install/urdf_tutorial_r2d2:/opt/ros/foxy /usr/bin/cmake --install /home/pumid/Desktop/athome/athome_ws/build/gesture_detection
[0.889s] -- Install configuration: ""
[0.890s] -- Execute custom install script
[0.890s] -- Up-to-date symlink: /home/pumid/Desktop/athome/athome_ws/install/gesture_detection/share/gesture_detection/environment/pythonpath.sh
[0.890s] -- Up-to-date symlink: /home/pumid/Desktop/athome/athome_ws/install/gesture_detection/share/gesture_detection/environment/pythonpath.dsv
[0.891s] -- Up-to-date symlink: /home/pumid/Desktop/athome/athome_ws/install/gesture_detection/lib/python3.8/site-packages/gesture_detection/__init__.py
[0.891s] -- Up-to-date symlink: /home/pumid/Desktop/athome/athome_ws/install/gesture_detection/lib/python3.8/site-packages/gesture_detection/dummy_module.py
[0.891s] -- Up-to-date symlink: /home/pumid/Desktop/athome/athome_ws/install/gesture_detection/lib/gesture_detection/dummy_script.py
[0.891s] -- Up-to-date symlink: /home/pumid/Desktop/athome/athome_ws/install/gesture_detection/lib/gesture_detection/image_publisher.py
[0.892s] -- Up-to-date symlink: /home/pumid/Desktop/athome/athome_ws/install/gesture_detection/lib/gesture_detection/gesture_detection.py
[0.892s] -- Up-to-date symlink: /home/pumid/Desktop/athome/athome_ws/install/gesture_detection/lib/gesture_detection/cpp_node_test
[0.892s] -- Symlinking: /home/pumid/Desktop/athome/athome_ws/install/gesture_detection/share/gesture_detection/launch/launch.py
[0.907s] -- Up-to-date symlink: /home/pumid/Desktop/athome/athome_ws/install/gesture_detection/share/ament_index/resource_index/package_run_dependencies/gesture_detection
[0.908s] -- Up-to-date symlink: /home/pumid/Desktop/athome/athome_ws/install/gesture_detection/share/ament_index/resource_index/parent_prefix_path/gesture_detection
[0.908s] -- Up-to-date symlink: /home/pumid/Desktop/athome/athome_ws/install/gesture_detection/share/gesture_detection/environment/ament_prefix_path.sh
[0.909s] -- Up-to-date symlink: /home/pumid/Desktop/athome/athome_ws/install/gesture_detection/share/gesture_detection/environment/ament_prefix_path.dsv
[0.909s] -- Up-to-date symlink: /home/pumid/Desktop/athome/athome_ws/install/gesture_detection/share/gesture_detection/environment/path.sh
[0.910s] -- Up-to-date symlink: /home/pumid/Desktop/athome/athome_ws/install/gesture_detection/share/gesture_detection/environment/path.dsv
[0.911s] -- Up-to-date symlink: /home/pumid/Desktop/athome/athome_ws/install/gesture_detection/share/gesture_detection/local_setup.bash
[0.911s] -- Up-to-date symlink: /home/pumid/Desktop/athome/athome_ws/install/gesture_detection/share/gesture_detection/local_setup.sh
[0.912s] -- Up-to-date symlink: /home/pumid/Desktop/athome/athome_ws/install/gesture_detection/share/gesture_detection/local_setup.zsh
[0.913s] -- Up-to-date symlink: /home/pumid/Desktop/athome/athome_ws/install/gesture_detection/share/gesture_detection/local_setup.dsv
[0.913s] -- Symlinking: /home/pumid/Desktop/athome/athome_ws/install/gesture_detection/share/gesture_detection/package.dsv
[0.926s] -- Up-to-date symlink: /home/pumid/Desktop/athome/athome_ws/install/gesture_detection/share/ament_index/resource_index/packages/gesture_detection
[0.927s] -- Up-to-date symlink: /home/pumid/Desktop/athome/athome_ws/install/gesture_detection/share/gesture_detection/cmake/gesture_detectionConfig.cmake
[0.927s] -- Up-to-date symlink: /home/pumid/Desktop/athome/athome_ws/install/gesture_detection/share/gesture_detection/cmake/gesture_detectionConfig-version.cmake
[0.927s] -- Up-to-date symlink: /home/pumid/Desktop/athome/athome_ws/install/gesture_detection/share/gesture_detection/package.xml
[0.965s] Listing '/home/pumid/Desktop/athome/athome_ws/install/gesture_detection/lib/python3.8/site-packages/gesture_detection'...
[0.972s] Invoked command in '/home/pumid/Desktop/athome/athome_ws/build/gesture_detection' returned '0': CMAKE_PREFIX_PATH=${CMAKE_PREFIX_PATH}:/home/pumid/Desktop/fra333/learning_ws/install/urdf_tutorial_r2d2:/opt/ros/foxy /usr/bin/cmake --install /home/pumid/Desktop/athome/athome_ws/build/gesture_detection
