[0.120s] DEBUG:colcon:Command line arguments: ['/usr/bin/colcon', 'build', '--symlink-install']
[0.120s] DEBUG:colcon:Parsed command line arguments: Namespace(allow_overriding=[], ament_cmake_args=None, base_paths=['.'], build_base='build', catkin_cmake_args=None, catkin_skip_building_tests=False, cmake_args=None, cmake_clean_cache=False, cmake_clean_first=False, cmake_force_configure=False, cmake_target=None, cmake_target_skip_unavailable=False, continue_on_error=False, event_handlers=None, executor='parallel', ignore_user_meta=False, install_base='install', log_base=None, log_level=None, main=<bound method BuildVerb.main of <colcon_core.verb.build.BuildVerb object at 0x7f5a6ed522b0>>, merge_install=False, metas=['./colcon.meta'], packages_above=None, packages_above_and_dependencies=None, packages_above_depth=None, packages_end=None, packages_ignore=None, packages_ignore_regex=None, packages_select=None, packages_select_build_failed=False, packages_select_by_dep=None, packages_select_regex=None, packages_select_test_failures=False, packages_skip=None, packages_skip_build_finished=False, packages_skip_by_dep=None, packages_skip_regex=None, packages_skip_test_passed=False, packages_skip_up_to=None, packages_start=None, packages_up_to=None, packages_up_to_regex=None, parallel_workers=16, paths=None, symlink_install=True, test_result_base=None, verb_extension=<colcon_core.verb.build.BuildVerb object at 0x7f5a6ed522b0>, verb_name='build', verb_parser=<colcon_defaults.argument_parser.defaults.DefaultArgumentsDecorator object at 0x7f5a6ed527f0>)
[0.140s] Level 1:colcon.colcon_core.package_discovery:discover_packages(colcon_meta) check parameters
[0.140s] Level 1:colcon.colcon_core.package_discovery:discover_packages(recursive) check parameters
[0.140s] Level 1:colcon.colcon_core.package_discovery:discover_packages(ignore) check parameters
[0.140s] Level 1:colcon.colcon_core.package_discovery:discover_packages(path) check parameters
[0.140s] Level 1:colcon.colcon_core.package_discovery:discover_packages(colcon_meta) discover
[0.140s] Level 1:colcon.colcon_core.package_discovery:discover_packages(recursive) discover
[0.140s] INFO:colcon.colcon_core.package_discovery:Crawling recursively for packages in '/home/pumid/Desktop/athome/athome_ws'
[0.140s] Level 1:colcon.colcon_core.package_identification:_identify(.) by extensions ['ignore', 'ignore_ament_install']
[0.140s] Level 1:colcon.colcon_core.package_identification:_identify(.) by extension 'ignore'
[0.140s] Level 1:colcon.colcon_core.package_identification:_identify(.) by extension 'ignore_ament_install'
[0.140s] Level 1:colcon.colcon_core.package_identification:_identify(.) by extensions ['colcon_pkg']
[0.141s] Level 1:colcon.colcon_core.package_identification:_identify(.) by extension 'colcon_pkg'
[0.141s] Level 1:colcon.colcon_core.package_identification:_identify(.) by extensions ['colcon_meta']
[0.141s] Level 1:colcon.colcon_core.package_identification:_identify(.) by extension 'colcon_meta'
[0.141s] Level 1:colcon.colcon_core.package_identification:_identify(.) by extensions ['ros']
[0.141s] Level 1:colcon.colcon_core.package_identification:_identify(.) by extension 'ros'
[0.159s] Level 1:colcon.colcon_core.package_identification:_identify(.) by extensions ['cmake', 'python']
[0.159s] Level 1:colcon.colcon_core.package_identification:_identify(.) by extension 'cmake'
[0.159s] Level 1:colcon.colcon_core.package_identification:_identify(.) by extension 'python'
[0.159s] Level 1:colcon.colcon_core.package_identification:_identify(.) by extensions ['python_setup_py']
[0.159s] Level 1:colcon.colcon_core.package_identification:_identify(.) by extension 'python_setup_py'
[0.159s] Level 1:colcon.colcon_core.package_identification:_identify(build) by extensions ['ignore', 'ignore_ament_install']
[0.159s] Level 1:colcon.colcon_core.package_identification:_identify(build) by extension 'ignore'
[0.159s] Level 1:colcon.colcon_core.package_identification:_identify(build) ignored
[0.159s] Level 1:colcon.colcon_core.package_identification:_identify(docs) by extensions ['ignore', 'ignore_ament_install']
[0.160s] Level 1:colcon.colcon_core.package_identification:_identify(docs) by extension 'ignore'
[0.160s] Level 1:colcon.colcon_core.package_identification:_identify(docs) by extension 'ignore_ament_install'
[0.160s] Level 1:colcon.colcon_core.package_identification:_identify(docs) by extensions ['colcon_pkg']
[0.160s] Level 1:colcon.colcon_core.package_identification:_identify(docs) by extension 'colcon_pkg'
[0.160s] Level 1:colcon.colcon_core.package_identification:_identify(docs) by extensions ['colcon_meta']
[0.160s] Level 1:colcon.colcon_core.package_identification:_identify(docs) by extension 'colcon_meta'
[0.160s] Level 1:colcon.colcon_core.package_identification:_identify(docs) by extensions ['ros']
[0.160s] Level 1:colcon.colcon_core.package_identification:_identify(docs) by extension 'ros'
[0.160s] Level 1:colcon.colcon_core.package_identification:_identify(docs) by extensions ['cmake', 'python']
[0.160s] Level 1:colcon.colcon_core.package_identification:_identify(docs) by extension 'cmake'
[0.160s] Level 1:colcon.colcon_core.package_identification:_identify(docs) by extension 'python'
[0.160s] Level 1:colcon.colcon_core.package_identification:_identify(docs) by extensions ['python_setup_py']
[0.160s] Level 1:colcon.colcon_core.package_identification:_identify(docs) by extension 'python_setup_py'
[0.160s] Level 1:colcon.colcon_core.package_identification:_identify(docs/build) by extensions ['ignore', 'ignore_ament_install']
[0.160s] Level 1:colcon.colcon_core.package_identification:_identify(docs/build) by extension 'ignore'
[0.160s] Level 1:colcon.colcon_core.package_identification:_identify(docs/build) by extension 'ignore_ament_install'
[0.161s] Level 1:colcon.colcon_core.package_identification:_identify(docs/build) by extensions ['colcon_pkg']
[0.161s] Level 1:colcon.colcon_core.package_identification:_identify(docs/build) by extension 'colcon_pkg'
[0.161s] Level 1:colcon.colcon_core.package_identification:_identify(docs/build) by extensions ['colcon_meta']
[0.161s] Level 1:colcon.colcon_core.package_identification:_identify(docs/build) by extension 'colcon_meta'
[0.161s] Level 1:colcon.colcon_core.package_identification:_identify(docs/build) by extensions ['ros']
[0.161s] Level 1:colcon.colcon_core.package_identification:_identify(docs/build) by extension 'ros'
[0.161s] Level 1:colcon.colcon_core.package_identification:_identify(docs/build) by extensions ['cmake', 'python']
[0.161s] Level 1:colcon.colcon_core.package_identification:_identify(docs/build) by extension 'cmake'
[0.161s] Level 1:colcon.colcon_core.package_identification:_identify(docs/build) by extension 'python'
[0.161s] Level 1:colcon.colcon_core.package_identification:_identify(docs/build) by extensions ['python_setup_py']
[0.161s] Level 1:colcon.colcon_core.package_identification:_identify(docs/build) by extension 'python_setup_py'
[0.161s] Level 1:colcon.colcon_core.package_identification:_identify(docs/build/doctrees) by extensions ['ignore', 'ignore_ament_install']
[0.161s] Level 1:colcon.colcon_core.package_identification:_identify(docs/build/doctrees) by extension 'ignore'
[0.161s] Level 1:colcon.colcon_core.package_identification:_identify(docs/build/doctrees) by extension 'ignore_ament_install'
[0.161s] Level 1:colcon.colcon_core.package_identification:_identify(docs/build/doctrees) by extensions ['colcon_pkg']
[0.161s] Level 1:colcon.colcon_core.package_identification:_identify(docs/build/doctrees) by extension 'colcon_pkg'
[0.161s] Level 1:colcon.colcon_core.package_identification:_identify(docs/build/doctrees) by extensions ['colcon_meta']
[0.161s] Level 1:colcon.colcon_core.package_identification:_identify(docs/build/doctrees) by extension 'colcon_meta'
[0.161s] Level 1:colcon.colcon_core.package_identification:_identify(docs/build/doctrees) by extensions ['ros']
[0.161s] Level 1:colcon.colcon_core.package_identification:_identify(docs/build/doctrees) by extension 'ros'
[0.161s] Level 1:colcon.colcon_core.package_identification:_identify(docs/build/doctrees) by extensions ['cmake', 'python']
[0.161s] Level 1:colcon.colcon_core.package_identification:_identify(docs/build/doctrees) by extension 'cmake'
[0.161s] Level 1:colcon.colcon_core.package_identification:_identify(docs/build/doctrees) by extension 'python'
[0.161s] Level 1:colcon.colcon_core.package_identification:_identify(docs/build/doctrees) by extensions ['python_setup_py']
[0.161s] Level 1:colcon.colcon_core.package_identification:_identify(docs/build/doctrees) by extension 'python_setup_py'
[0.161s] Level 1:colcon.colcon_core.package_identification:_identify(docs/build/html) by extensions ['ignore', 'ignore_ament_install']
[0.162s] Level 1:colcon.colcon_core.package_identification:_identify(docs/build/html) by extension 'ignore'
[0.162s] Level 1:colcon.colcon_core.package_identification:_identify(docs/build/html) by extension 'ignore_ament_install'
[0.162s] Level 1:colcon.colcon_core.package_identification:_identify(docs/build/html) by extensions ['colcon_pkg']
[0.162s] Level 1:colcon.colcon_core.package_identification:_identify(docs/build/html) by extension 'colcon_pkg'
[0.162s] Level 1:colcon.colcon_core.package_identification:_identify(docs/build/html) by extensions ['colcon_meta']
[0.162s] Level 1:colcon.colcon_core.package_identification:_identify(docs/build/html) by extension 'colcon_meta'
[0.162s] Level 1:colcon.colcon_core.package_identification:_identify(docs/build/html) by extensions ['ros']
[0.162s] Level 1:colcon.colcon_core.package_identification:_identify(docs/build/html) by extension 'ros'
[0.162s] Level 1:colcon.colcon_core.package_identification:_identify(docs/build/html) by extensions ['cmake', 'python']
[0.162s] Level 1:colcon.colcon_core.package_identification:_identify(docs/build/html) by extension 'cmake'
[0.162s] Level 1:colcon.colcon_core.package_identification:_identify(docs/build/html) by extension 'python'
[0.162s] Level 1:colcon.colcon_core.package_identification:_identify(docs/build/html) by extensions ['python_setup_py']
[0.162s] Level 1:colcon.colcon_core.package_identification:_identify(docs/build/html) by extension 'python_setup_py'
[0.162s] Level 1:colcon.colcon_core.package_identification:_identify(docs/build/html/_sources) by extensions ['ignore', 'ignore_ament_install']
[0.162s] Level 1:colcon.colcon_core.package_identification:_identify(docs/build/html/_sources) by extension 'ignore'
[0.162s] Level 1:colcon.colcon_core.package_identification:_identify(docs/build/html/_sources) by extension 'ignore_ament_install'
[0.163s] Level 1:colcon.colcon_core.package_identification:_identify(docs/build/html/_sources) by extensions ['colcon_pkg']
[0.163s] Level 1:colcon.colcon_core.package_identification:_identify(docs/build/html/_sources) by extension 'colcon_pkg'
[0.163s] Level 1:colcon.colcon_core.package_identification:_identify(docs/build/html/_sources) by extensions ['colcon_meta']
[0.163s] Level 1:colcon.colcon_core.package_identification:_identify(docs/build/html/_sources) by extension 'colcon_meta'
[0.163s] Level 1:colcon.colcon_core.package_identification:_identify(docs/build/html/_sources) by extensions ['ros']
[0.163s] Level 1:colcon.colcon_core.package_identification:_identify(docs/build/html/_sources) by extension 'ros'
[0.163s] Level 1:colcon.colcon_core.package_identification:_identify(docs/build/html/_sources) by extensions ['cmake', 'python']
[0.163s] Level 1:colcon.colcon_core.package_identification:_identify(docs/build/html/_sources) by extension 'cmake'
[0.163s] Level 1:colcon.colcon_core.package_identification:_identify(docs/build/html/_sources) by extension 'python'
[0.163s] Level 1:colcon.colcon_core.package_identification:_identify(docs/build/html/_sources) by extensions ['python_setup_py']
[0.163s] Level 1:colcon.colcon_core.package_identification:_identify(docs/build/html/_sources) by extension 'python_setup_py'
[0.163s] Level 1:colcon.colcon_core.package_identification:_identify(docs/build/html/_static) by extensions ['ignore', 'ignore_ament_install']
[0.163s] Level 1:colcon.colcon_core.package_identification:_identify(docs/build/html/_static) by extension 'ignore'
[0.163s] Level 1:colcon.colcon_core.package_identification:_identify(docs/build/html/_static) by extension 'ignore_ament_install'
[0.163s] Level 1:colcon.colcon_core.package_identification:_identify(docs/build/html/_static) by extensions ['colcon_pkg']
[0.163s] Level 1:colcon.colcon_core.package_identification:_identify(docs/build/html/_static) by extension 'colcon_pkg'
[0.163s] Level 1:colcon.colcon_core.package_identification:_identify(docs/build/html/_static) by extensions ['colcon_meta']
[0.163s] Level 1:colcon.colcon_core.package_identification:_identify(docs/build/html/_static) by extension 'colcon_meta'
[0.164s] Level 1:colcon.colcon_core.package_identification:_identify(docs/build/html/_static) by extensions ['ros']
[0.164s] Level 1:colcon.colcon_core.package_identification:_identify(docs/build/html/_static) by extension 'ros'
[0.164s] Level 1:colcon.colcon_core.package_identification:_identify(docs/build/html/_static) by extensions ['cmake', 'python']
[0.164s] Level 1:colcon.colcon_core.package_identification:_identify(docs/build/html/_static) by extension 'cmake'
[0.164s] Level 1:colcon.colcon_core.package_identification:_identify(docs/build/html/_static) by extension 'python'
[0.164s] Level 1:colcon.colcon_core.package_identification:_identify(docs/build/html/_static) by extensions ['python_setup_py']
[0.164s] Level 1:colcon.colcon_core.package_identification:_identify(docs/build/html/_static) by extension 'python_setup_py'
[0.164s] Level 1:colcon.colcon_core.package_identification:_identify(docs/source) by extensions ['ignore', 'ignore_ament_install']
[0.164s] Level 1:colcon.colcon_core.package_identification:_identify(docs/source) by extension 'ignore'
[0.164s] Level 1:colcon.colcon_core.package_identification:_identify(docs/source) by extension 'ignore_ament_install'
[0.164s] Level 1:colcon.colcon_core.package_identification:_identify(docs/source) by extensions ['colcon_pkg']
[0.164s] Level 1:colcon.colcon_core.package_identification:_identify(docs/source) by extension 'colcon_pkg'
[0.164s] Level 1:colcon.colcon_core.package_identification:_identify(docs/source) by extensions ['colcon_meta']
[0.164s] Level 1:colcon.colcon_core.package_identification:_identify(docs/source) by extension 'colcon_meta'
[0.164s] Level 1:colcon.colcon_core.package_identification:_identify(docs/source) by extensions ['ros']
[0.164s] Level 1:colcon.colcon_core.package_identification:_identify(docs/source) by extension 'ros'
[0.164s] Level 1:colcon.colcon_core.package_identification:_identify(docs/source) by extensions ['cmake', 'python']
[0.164s] Level 1:colcon.colcon_core.package_identification:_identify(docs/source) by extension 'cmake'
[0.164s] Level 1:colcon.colcon_core.package_identification:_identify(docs/source) by extension 'python'
[0.164s] Level 1:colcon.colcon_core.package_identification:_identify(docs/source) by extensions ['python_setup_py']
[0.165s] Level 1:colcon.colcon_core.package_identification:_identify(docs/source) by extension 'python_setup_py'
[0.165s] Level 1:colcon.colcon_core.package_identification:_identify(docs/source/_static) by extensions ['ignore', 'ignore_ament_install']
[0.165s] Level 1:colcon.colcon_core.package_identification:_identify(docs/source/_static) by extension 'ignore'
[0.165s] Level 1:colcon.colcon_core.package_identification:_identify(docs/source/_static) by extension 'ignore_ament_install'
[0.165s] Level 1:colcon.colcon_core.package_identification:_identify(docs/source/_static) by extensions ['colcon_pkg']
[0.165s] Level 1:colcon.colcon_core.package_identification:_identify(docs/source/_static) by extension 'colcon_pkg'
[0.165s] Level 1:colcon.colcon_core.package_identification:_identify(docs/source/_static) by extensions ['colcon_meta']
[0.165s] Level 1:colcon.colcon_core.package_identification:_identify(docs/source/_static) by extension 'colcon_meta'
[0.165s] Level 1:colcon.colcon_core.package_identification:_identify(docs/source/_static) by extensions ['ros']
[0.165s] Level 1:colcon.colcon_core.package_identification:_identify(docs/source/_static) by extension 'ros'
[0.165s] Level 1:colcon.colcon_core.package_identification:_identify(docs/source/_static) by extensions ['cmake', 'python']
[0.165s] Level 1:colcon.colcon_core.package_identification:_identify(docs/source/_static) by extension 'cmake'
[0.165s] Level 1:colcon.colcon_core.package_identification:_identify(docs/source/_static) by extension 'python'
[0.165s] Level 1:colcon.colcon_core.package_identification:_identify(docs/source/_static) by extensions ['python_setup_py']
[0.165s] Level 1:colcon.colcon_core.package_identification:_identify(docs/source/_static) by extension 'python_setup_py'
[0.165s] Level 1:colcon.colcon_core.package_identification:_identify(docs/source/_templates) by extensions ['ignore', 'ignore_ament_install']
[0.165s] Level 1:colcon.colcon_core.package_identification:_identify(docs/source/_templates) by extension 'ignore'
[0.165s] Level 1:colcon.colcon_core.package_identification:_identify(docs/source/_templates) by extension 'ignore_ament_install'
[0.165s] Level 1:colcon.colcon_core.package_identification:_identify(docs/source/_templates) by extensions ['colcon_pkg']
[0.165s] Level 1:colcon.colcon_core.package_identification:_identify(docs/source/_templates) by extension 'colcon_pkg'
[0.165s] Level 1:colcon.colcon_core.package_identification:_identify(docs/source/_templates) by extensions ['colcon_meta']
[0.165s] Level 1:colcon.colcon_core.package_identification:_identify(docs/source/_templates) by extension 'colcon_meta'
[0.165s] Level 1:colcon.colcon_core.package_identification:_identify(docs/source/_templates) by extensions ['ros']
[0.165s] Level 1:colcon.colcon_core.package_identification:_identify(docs/source/_templates) by extension 'ros'
[0.165s] Level 1:colcon.colcon_core.package_identification:_identify(docs/source/_templates) by extensions ['cmake', 'python']
[0.166s] Level 1:colcon.colcon_core.package_identification:_identify(docs/source/_templates) by extension 'cmake'
[0.166s] Level 1:colcon.colcon_core.package_identification:_identify(docs/source/_templates) by extension 'python'
[0.166s] Level 1:colcon.colcon_core.package_identification:_identify(docs/source/_templates) by extensions ['python_setup_py']
[0.166s] Level 1:colcon.colcon_core.package_identification:_identify(docs/source/_templates) by extension 'python_setup_py'
[0.166s] Level 1:colcon.colcon_core.package_identification:_identify(install) by extensions ['ignore', 'ignore_ament_install']
[0.166s] Level 1:colcon.colcon_core.package_identification:_identify(install) by extension 'ignore'
[0.166s] Level 1:colcon.colcon_core.package_identification:_identify(install) ignored
[0.166s] Level 1:colcon.colcon_core.package_identification:_identify(log) by extensions ['ignore', 'ignore_ament_install']
[0.166s] Level 1:colcon.colcon_core.package_identification:_identify(log) by extension 'ignore'
[0.166s] Level 1:colcon.colcon_core.package_identification:_identify(log) ignored
[0.166s] Level 1:colcon.colcon_core.package_identification:_identify(src) by extensions ['ignore', 'ignore_ament_install']
[0.166s] Level 1:colcon.colcon_core.package_identification:_identify(src) by extension 'ignore'
[0.166s] Level 1:colcon.colcon_core.package_identification:_identify(src) by extension 'ignore_ament_install'
[0.166s] Level 1:colcon.colcon_core.package_identification:_identify(src) by extensions ['colcon_pkg']
[0.166s] Level 1:colcon.colcon_core.package_identification:_identify(src) by extension 'colcon_pkg'
[0.166s] Level 1:colcon.colcon_core.package_identification:_identify(src) by extensions ['colcon_meta']
[0.166s] Level 1:colcon.colcon_core.package_identification:_identify(src) by extension 'colcon_meta'
[0.166s] Level 1:colcon.colcon_core.package_identification:_identify(src) by extensions ['ros']
[0.166s] Level 1:colcon.colcon_core.package_identification:_identify(src) by extension 'ros'
[0.166s] Level 1:colcon.colcon_core.package_identification:_identify(src) by extensions ['cmake', 'python']
[0.166s] Level 1:colcon.colcon_core.package_identification:_identify(src) by extension 'cmake'
[0.166s] Level 1:colcon.colcon_core.package_identification:_identify(src) by extension 'python'
[0.166s] Level 1:colcon.colcon_core.package_identification:_identify(src) by extensions ['python_setup_py']
[0.166s] Level 1:colcon.colcon_core.package_identification:_identify(src) by extension 'python_setup_py'
[0.167s] Level 1:colcon.colcon_core.package_identification:_identify(src/gesture_detection) by extensions ['ignore', 'ignore_ament_install']
[0.167s] Level 1:colcon.colcon_core.package_identification:_identify(src/gesture_detection) by extension 'ignore'
[0.167s] Level 1:colcon.colcon_core.package_identification:_identify(src/gesture_detection) by extension 'ignore_ament_install'
[0.167s] Level 1:colcon.colcon_core.package_identification:_identify(src/gesture_detection) by extensions ['colcon_pkg']
[0.167s] Level 1:colcon.colcon_core.package_identification:_identify(src/gesture_detection) by extension 'colcon_pkg'
[0.167s] Level 1:colcon.colcon_core.package_identification:_identify(src/gesture_detection) by extensions ['colcon_meta']
[0.167s] Level 1:colcon.colcon_core.package_identification:_identify(src/gesture_detection) by extension 'colcon_meta'
[0.167s] Level 1:colcon.colcon_core.package_identification:_identify(src/gesture_detection) by extensions ['ros']
[0.167s] Level 1:colcon.colcon_core.package_identification:_identify(src/gesture_detection) by extension 'ros'
[0.169s] DEBUG:colcon.colcon_core.package_identification:Package 'src/gesture_detection' with type 'ros.ament_cmake' and name 'gesture_detection'
[0.169s] Level 1:colcon.colcon_core.package_discovery:discover_packages(recursive) using defaults
[0.169s] Level 1:colcon.colcon_core.package_discovery:discover_packages(ignore) discover
[0.169s] Level 1:colcon.colcon_core.package_discovery:discover_packages(ignore) using defaults
[0.169s] Level 1:colcon.colcon_core.package_discovery:discover_packages(path) discover
[0.169s] Level 1:colcon.colcon_core.package_discovery:discover_packages(path) using defaults
[0.185s] Level 1:colcon.colcon_core.package_discovery:discover_packages(prefix_path) check parameters
[0.185s] Level 1:colcon.colcon_core.package_discovery:discover_packages(prefix_path) discover
[0.188s] DEBUG:colcon.colcon_installed_package_information.package_discovery:Found 1 installed packages in /home/pumid/Desktop/athome/athome_ws/install
[0.188s] DEBUG:colcon.colcon_installed_package_information.package_discovery:Found 3 installed packages in /home/pumid/Desktop/fra333/lab2_ws/install
[0.189s] DEBUG:colcon.colcon_installed_package_information.package_discovery:Found 1 installed packages in /home/pumid/Desktop/fra333/mytest_lab2/install
[0.190s] DEBUG:colcon.colcon_installed_package_information.package_discovery:Found 0 installed packages in /home/pumid/install
[0.191s] DEBUG:colcon.colcon_installed_package_information.package_discovery:Found 1 installed packages in /home/pumid/Desktop/fra333/learning_ws/install
[0.192s] DEBUG:colcon.colcon_installed_package_information.package_discovery:Found 1 installed packages in /home/pumid/Desktop/fra333/FRA333-week3/install
[0.193s] DEBUG:colcon.colcon_installed_package_information.package_discovery:Found 1 installed packages in /home/pumid/Desktop/fra333/lab2_example_ws/install
[0.194s] DEBUG:colcon.colcon_installed_package_information.package_discovery:Found 2 installed packages in /home/pumid/Desktop/fra333/fra333_lab1_32/install
[0.195s] DEBUG:colcon.colcon_installed_package_information.package_discovery:Found 4 installed packages in /home/pumid/Desktop/fra333/lab3_ws/install
[0.197s] DEBUG:colcon.colcon_installed_package_information.package_discovery:Found 285 installed packages in /opt/ros/foxy
[0.199s] Level 1:colcon.colcon_core.package_discovery:discover_packages(prefix_path) using defaults
[0.252s] Level 5:colcon.colcon_core.verb:set package 'gesture_detection' build argument 'cmake_args' from command line to 'None'
[0.252s] Level 5:colcon.colcon_core.verb:set package 'gesture_detection' build argument 'cmake_target' from command line to 'None'
[0.252s] Level 5:colcon.colcon_core.verb:set package 'gesture_detection' build argument 'cmake_target_skip_unavailable' from command line to 'False'
[0.252s] Level 5:colcon.colcon_core.verb:set package 'gesture_detection' build argument 'cmake_clean_cache' from command line to 'False'
[0.252s] Level 5:colcon.colcon_core.verb:set package 'gesture_detection' build argument 'cmake_clean_first' from command line to 'False'
[0.252s] Level 5:colcon.colcon_core.verb:set package 'gesture_detection' build argument 'cmake_force_configure' from command line to 'False'
[0.252s] Level 5:colcon.colcon_core.verb:set package 'gesture_detection' build argument 'ament_cmake_args' from command line to 'None'
[0.252s] Level 5:colcon.colcon_core.verb:set package 'gesture_detection' build argument 'catkin_cmake_args' from command line to 'None'
[0.253s] Level 5:colcon.colcon_core.verb:set package 'gesture_detection' build argument 'catkin_skip_building_tests' from command line to 'False'
[0.253s] DEBUG:colcon.colcon_core.verb:Building package 'gesture_detection' with the following arguments: {'ament_cmake_args': None, 'build_base': '/home/pumid/Desktop/athome/athome_ws/build/gesture_detection', 'catkin_cmake_args': None, 'catkin_skip_building_tests': False, 'cmake_args': None, 'cmake_clean_cache': False, 'cmake_clean_first': False, 'cmake_force_configure': False, 'cmake_target': None, 'cmake_target_skip_unavailable': False, 'install_base': '/home/pumid/Desktop/athome/athome_ws/install/gesture_detection', 'merge_install': False, 'path': '/home/pumid/Desktop/athome/athome_ws/src/gesture_detection', 'symlink_install': True, 'test_result_base': None}
[0.253s] INFO:colcon.colcon_core.executor:Executing jobs using 'parallel' executor
[0.258s] DEBUG:colcon.colcon_parallel_executor.executor.parallel:run_until_complete
[0.258s] INFO:colcon.colcon_ros.task.ament_cmake.build:Building ROS package in '/home/pumid/Desktop/athome/athome_ws/src/gesture_detection' with build type 'ament_cmake'
[0.258s] INFO:colcon.colcon_cmake.task.cmake.build:Building CMake package in '/home/pumid/Desktop/athome/athome_ws/src/gesture_detection'
[0.266s] INFO:colcon.colcon_core.plugin_system:Skipping extension 'colcon_core.shell.bat': Not used on non-Windows systems
[0.266s] INFO:colcon.colcon_core.shell:Skip shell extension 'powershell' for command environment: Not usable outside of PowerShell
[0.267s] DEBUG:colcon.colcon_core.shell:Skip shell extension 'dsv' for command environment
[0.289s] DEBUG:colcon.colcon_core.event_handler.log_command:Invoking command in '/home/pumid/Desktop/athome/athome_ws/build/gesture_detection': CMAKE_PREFIX_PATH=${CMAKE_PREFIX_PATH}:/home/pumid/Desktop/fra333/learning_ws/install/urdf_tutorial_r2d2:/opt/ros/foxy /usr/bin/cmake --build /home/pumid/Desktop/athome/athome_ws/build/gesture_detection -- -j16 -l16
[1.088s] DEBUG:colcon.colcon_core.event_handler.log_command:Invoked command in '/home/pumid/Desktop/athome/athome_ws/build/gesture_detection' returned '0': CMAKE_PREFIX_PATH=${CMAKE_PREFIX_PATH}:/home/pumid/Desktop/fra333/learning_ws/install/urdf_tutorial_r2d2:/opt/ros/foxy /usr/bin/cmake --build /home/pumid/Desktop/athome/athome_ws/build/gesture_detection -- -j16 -l16
[1.135s] DEBUG:colcon.colcon_core.event_handler.log_command:Invoking command in '/home/pumid/Desktop/athome/athome_ws/build/gesture_detection': CMAKE_PREFIX_PATH=${CMAKE_PREFIX_PATH}:/home/pumid/Desktop/fra333/learning_ws/install/urdf_tutorial_r2d2:/opt/ros/foxy /usr/bin/cmake --install /home/pumid/Desktop/athome/athome_ws/build/gesture_detection
[1.224s] Level 1:colcon.colcon_core.environment:create_environment_scripts_only(gesture_detection)
[1.225s] DEBUG:colcon.colcon_core.event_handler.log_command:Invoked command in '/home/pumid/Desktop/athome/athome_ws/build/gesture_detection' returned '0': CMAKE_PREFIX_PATH=${CMAKE_PREFIX_PATH}:/home/pumid/Desktop/fra333/learning_ws/install/urdf_tutorial_r2d2:/opt/ros/foxy /usr/bin/cmake --install /home/pumid/Desktop/athome/athome_ws/build/gesture_detection
[1.230s] Level 1:colcon.colcon_core.environment:checking '/home/pumid/Desktop/athome/athome_ws/install/gesture_detection' for CMake module files
[1.230s] Level 1:colcon.colcon_core.environment:checking '/home/pumid/Desktop/athome/athome_ws/install/gesture_detection' for CMake config files
[1.230s] Level 1:colcon.colcon_core.shell:create_environment_hook('gesture_detection', 'cmake_prefix_path')
[1.232s] INFO:colcon.colcon_core.shell:Creating environment hook '/home/pumid/Desktop/athome/athome_ws/install/gesture_detection/share/gesture_detection/hook/cmake_prefix_path.ps1'
[1.233s] INFO:colcon.colcon_core.shell:Creating environment descriptor '/home/pumid/Desktop/athome/athome_ws/install/gesture_detection/share/gesture_detection/hook/cmake_prefix_path.dsv'
[1.233s] INFO:colcon.colcon_core.shell:Creating environment hook '/home/pumid/Desktop/athome/athome_ws/install/gesture_detection/share/gesture_detection/hook/cmake_prefix_path.sh'
[1.234s] Level 1:colcon.colcon_core.environment:checking '/home/pumid/Desktop/athome/athome_ws/install/gesture_detection/lib'
[1.234s] Level 1:colcon.colcon_core.environment:checking '/home/pumid/Desktop/athome/athome_ws/install/gesture_detection/bin'
[1.234s] Level 1:colcon.colcon_core.environment:checking '/home/pumid/Desktop/athome/athome_ws/install/gesture_detection/lib/pkgconfig/gesture_detection.pc'
[1.235s] Level 1:colcon.colcon_core.environment:checking '/home/pumid/Desktop/athome/athome_ws/install/gesture_detection/lib/python3.8/site-packages'
[1.235s] Level 1:colcon.colcon_core.shell:create_environment_hook('gesture_detection', 'pythonpath')
[1.236s] INFO:colcon.colcon_core.shell:Creating environment hook '/home/pumid/Desktop/athome/athome_ws/install/gesture_detection/share/gesture_detection/hook/pythonpath.ps1'
[1.237s] INFO:colcon.colcon_core.shell:Creating environment descriptor '/home/pumid/Desktop/athome/athome_ws/install/gesture_detection/share/gesture_detection/hook/pythonpath.dsv'
[1.237s] INFO:colcon.colcon_core.shell:Creating environment hook '/home/pumid/Desktop/athome/athome_ws/install/gesture_detection/share/gesture_detection/hook/pythonpath.sh'
[1.238s] Level 1:colcon.colcon_core.environment:checking '/home/pumid/Desktop/athome/athome_ws/install/gesture_detection/bin'
[1.239s] INFO:colcon.colcon_core.shell:Creating package script '/home/pumid/Desktop/athome/athome_ws/install/gesture_detection/share/gesture_detection/package.ps1'
[1.241s] INFO:colcon.colcon_core.shell:Creating package descriptor '/home/pumid/Desktop/athome/athome_ws/install/gesture_detection/share/gesture_detection/package.dsv'
[1.241s] INFO:colcon.colcon_core.shell:Creating package script '/home/pumid/Desktop/athome/athome_ws/install/gesture_detection/share/gesture_detection/package.sh'
[1.242s] INFO:colcon.colcon_core.shell:Creating package script '/home/pumid/Desktop/athome/athome_ws/install/gesture_detection/share/gesture_detection/package.bash'
[1.243s] INFO:colcon.colcon_core.shell:Creating package script '/home/pumid/Desktop/athome/athome_ws/install/gesture_detection/share/gesture_detection/package.zsh'
[1.244s] Level 1:colcon.colcon_core.environment:create_file_with_runtime_dependencies(/home/pumid/Desktop/athome/athome_ws/install/gesture_detection/share/colcon-core/packages/gesture_detection)
[1.284s] Level 1:colcon.colcon_core.environment:create_environment_scripts_only(gesture_detection)
[1.288s] Level 1:colcon.colcon_core.environment:checking '/home/pumid/Desktop/athome/athome_ws/install/gesture_detection' for CMake module files
[1.289s] Level 1:colcon.colcon_core.environment:checking '/home/pumid/Desktop/athome/athome_ws/install/gesture_detection' for CMake config files
[1.289s] Level 1:colcon.colcon_core.shell:create_environment_hook('gesture_detection', 'cmake_prefix_path')
[1.290s] INFO:colcon.colcon_core.shell:Creating environment hook '/home/pumid/Desktop/athome/athome_ws/install/gesture_detection/share/gesture_detection/hook/cmake_prefix_path.ps1'
[1.291s] INFO:colcon.colcon_core.shell:Creating environment descriptor '/home/pumid/Desktop/athome/athome_ws/install/gesture_detection/share/gesture_detection/hook/cmake_prefix_path.dsv'
[1.291s] INFO:colcon.colcon_core.shell:Creating environment hook '/home/pumid/Desktop/athome/athome_ws/install/gesture_detection/share/gesture_detection/hook/cmake_prefix_path.sh'
[1.292s] Level 1:colcon.colcon_core.environment:checking '/home/pumid/Desktop/athome/athome_ws/install/gesture_detection/lib'
[1.292s] Level 1:colcon.colcon_core.environment:checking '/home/pumid/Desktop/athome/athome_ws/install/gesture_detection/bin'
[1.292s] Level 1:colcon.colcon_core.environment:checking '/home/pumid/Desktop/athome/athome_ws/install/gesture_detection/lib/pkgconfig/gesture_detection.pc'
[1.293s] Level 1:colcon.colcon_core.environment:checking '/home/pumid/Desktop/athome/athome_ws/install/gesture_detection/lib/python3.8/site-packages'
[1.293s] Level 1:colcon.colcon_core.shell:create_environment_hook('gesture_detection', 'pythonpath')
[1.294s] INFO:colcon.colcon_core.shell:Creating environment hook '/home/pumid/Desktop/athome/athome_ws/install/gesture_detection/share/gesture_detection/hook/pythonpath.ps1'
[1.295s] INFO:colcon.colcon_core.shell:Creating environment descriptor '/home/pumid/Desktop/athome/athome_ws/install/gesture_detection/share/gesture_detection/hook/pythonpath.dsv'
[1.295s] INFO:colcon.colcon_core.shell:Creating environment hook '/home/pumid/Desktop/athome/athome_ws/install/gesture_detection/share/gesture_detection/hook/pythonpath.sh'
[1.296s] Level 1:colcon.colcon_core.environment:checking '/home/pumid/Desktop/athome/athome_ws/install/gesture_detection/bin'
[1.297s] INFO:colcon.colcon_core.shell:Creating package script '/home/pumid/Desktop/athome/athome_ws/install/gesture_detection/share/gesture_detection/package.ps1'
[1.298s] INFO:colcon.colcon_core.shell:Creating package descriptor '/home/pumid/Desktop/athome/athome_ws/install/gesture_detection/share/gesture_detection/package.dsv'
[1.298s] INFO:colcon.colcon_core.shell:Creating package script '/home/pumid/Desktop/athome/athome_ws/install/gesture_detection/share/gesture_detection/package.sh'
[1.299s] INFO:colcon.colcon_core.shell:Creating package script '/home/pumid/Desktop/athome/athome_ws/install/gesture_detection/share/gesture_detection/package.bash'
[1.300s] INFO:colcon.colcon_core.shell:Creating package script '/home/pumid/Desktop/athome/athome_ws/install/gesture_detection/share/gesture_detection/package.zsh'
[1.300s] Level 1:colcon.colcon_core.environment:create_file_with_runtime_dependencies(/home/pumid/Desktop/athome/athome_ws/install/gesture_detection/share/colcon-core/packages/gesture_detection)
[1.301s] DEBUG:colcon.colcon_parallel_executor.executor.parallel:closing loop
[1.301s] DEBUG:colcon.colcon_parallel_executor.executor.parallel:loop closed
[1.301s] DEBUG:colcon.colcon_parallel_executor.executor.parallel:run_until_complete finished with '0'
[1.302s] DEBUG:colcon.colcon_core.event_reactor:joining thread
[1.308s] INFO:colcon.colcon_core.plugin_system:Skipping extension 'colcon_notification.desktop_notification.terminal_notifier': Not used on non-Darwin systems
[1.308s] INFO:colcon.colcon_core.plugin_system:Skipping extension 'colcon_notification.desktop_notification.win32': Not used on non-Windows systems
[1.308s] INFO:colcon.colcon_notification.desktop_notification:Sending desktop notification using 'notify2'
[1.328s] DEBUG:colcon.colcon_core.event_reactor:joined thread
[1.329s] INFO:colcon.colcon_core.shell:Creating prefix script '/home/pumid/Desktop/athome/athome_ws/install/local_setup.ps1'
[1.330s] INFO:colcon.colcon_core.shell:Creating prefix util module '/home/pumid/Desktop/athome/athome_ws/install/_local_setup_util_ps1.py'
[1.332s] INFO:colcon.colcon_core.shell:Creating prefix chain script '/home/pumid/Desktop/athome/athome_ws/install/setup.ps1'
[1.333s] INFO:colcon.colcon_core.shell:Creating prefix script '/home/pumid/Desktop/athome/athome_ws/install/local_setup.sh'
[1.334s] INFO:colcon.colcon_core.shell:Creating prefix util module '/home/pumid/Desktop/athome/athome_ws/install/_local_setup_util_sh.py'
[1.335s] INFO:colcon.colcon_core.shell:Creating prefix chain script '/home/pumid/Desktop/athome/athome_ws/install/setup.sh'
[1.337s] INFO:colcon.colcon_core.shell:Creating prefix script '/home/pumid/Desktop/athome/athome_ws/install/local_setup.bash'
[1.338s] INFO:colcon.colcon_core.shell:Creating prefix chain script '/home/pumid/Desktop/athome/athome_ws/install/setup.bash'
[1.340s] INFO:colcon.colcon_core.shell:Creating prefix script '/home/pumid/Desktop/athome/athome_ws/install/local_setup.zsh'
[1.340s] INFO:colcon.colcon_core.shell:Creating prefix chain script '/home/pumid/Desktop/athome/athome_ws/install/setup.zsh'
