[0.157s] DEBUG:colcon:Command line arguments: ['/usr/bin/colcon', 'build', '--symlink-install']
[0.157s] DEBUG:colcon:Parsed command line arguments: Namespace(allow_overriding=[], ament_cmake_args=None, base_paths=['.'], build_base='build', catkin_cmake_args=None, catkin_skip_building_tests=False, cmake_args=None, cmake_clean_cache=False, cmake_clean_first=False, cmake_force_configure=False, cmake_target=None, cmake_target_skip_unavailable=False, continue_on_error=False, event_handlers=None, executor='parallel', ignore_user_meta=False, install_base='install', log_base=None, log_level=None, main=<bound method BuildVerb.main of <colcon_core.verb.build.BuildVerb object at 0x7f36545c5760>>, merge_install=False, metas=['./colcon.meta'], packages_above=None, packages_above_and_dependencies=None, packages_above_depth=None, packages_end=None, packages_ignore=None, packages_ignore_regex=None, packages_select=None, packages_select_build_failed=False, packages_select_by_dep=None, packages_select_regex=None, packages_select_test_failures=False, packages_skip=None, packages_skip_build_finished=False, packages_skip_by_dep=None, packages_skip_regex=None, packages_skip_test_passed=False, packages_skip_up_to=None, packages_start=None, packages_up_to=None, packages_up_to_regex=None, parallel_workers=16, paths=None, symlink_install=True, test_result_base=None, verb_extension=<colcon_core.verb.build.BuildVerb object at 0x7f36545c5760>, verb_name='build', verb_parser=<colcon_defaults.argument_parser.defaults.DefaultArgumentsDecorator object at 0x7f36545c5cd0>)
[0.177s] Level 1:colcon.colcon_core.package_discovery:discover_packages(colcon_meta) check parameters
[0.178s] Level 1:colcon.colcon_core.package_discovery:discover_packages(recursive) check parameters
[0.178s] Level 1:colcon.colcon_core.package_discovery:discover_packages(ignore) check parameters
[0.178s] Level 1:colcon.colcon_core.package_discovery:discover_packages(path) check parameters
[0.178s] Level 1:colcon.colcon_core.package_discovery:discover_packages(colcon_meta) discover
[0.178s] Level 1:colcon.colcon_core.package_discovery:discover_packages(recursive) discover
[0.178s] INFO:colcon.colcon_core.package_discovery:Crawling recursively for packages in '/home/pumid/Desktop/athome/athome_ws'
[0.178s] Level 1:colcon.colcon_core.package_identification:_identify(.) by extensions ['ignore', 'ignore_ament_install']
[0.178s] Level 1:colcon.colcon_core.package_identification:_identify(.) by extension 'ignore'
[0.178s] Level 1:colcon.colcon_core.package_identification:_identify(.) by extension 'ignore_ament_install'
[0.178s] Level 1:colcon.colcon_core.package_identification:_identify(.) by extensions ['colcon_pkg']
[0.178s] Level 1:colcon.colcon_core.package_identification:_identify(.) by extension 'colcon_pkg'
[0.178s] Level 1:colcon.colcon_core.package_identification:_identify(.) by extensions ['colcon_meta']
[0.178s] Level 1:colcon.colcon_core.package_identification:_identify(.) by extension 'colcon_meta'
[0.179s] Level 1:colcon.colcon_core.package_identification:_identify(.) by extensions ['ros']
[0.179s] Level 1:colcon.colcon_core.package_identification:_identify(.) by extension 'ros'
[0.196s] Level 1:colcon.colcon_core.package_identification:_identify(.) by extensions ['cmake', 'python']
[0.196s] Level 1:colcon.colcon_core.package_identification:_identify(.) by extension 'cmake'
[0.196s] Level 1:colcon.colcon_core.package_identification:_identify(.) by extension 'python'
[0.196s] Level 1:colcon.colcon_core.package_identification:_identify(.) by extensions ['python_setup_py']
[0.196s] Level 1:colcon.colcon_core.package_identification:_identify(.) by extension 'python_setup_py'
[0.197s] Level 1:colcon.colcon_core.package_identification:_identify(build) by extensions ['ignore', 'ignore_ament_install']
[0.197s] Level 1:colcon.colcon_core.package_identification:_identify(build) by extension 'ignore'
[0.197s] Level 1:colcon.colcon_core.package_identification:_identify(build) ignored
[0.197s] Level 1:colcon.colcon_core.package_identification:_identify(install) by extensions ['ignore', 'ignore_ament_install']
[0.197s] Level 1:colcon.colcon_core.package_identification:_identify(install) by extension 'ignore'
[0.197s] Level 1:colcon.colcon_core.package_identification:_identify(install) ignored
[0.197s] Level 1:colcon.colcon_core.package_identification:_identify(log) by extensions ['ignore', 'ignore_ament_install']
[0.197s] Level 1:colcon.colcon_core.package_identification:_identify(log) by extension 'ignore'
[0.197s] Level 1:colcon.colcon_core.package_identification:_identify(log) ignored
[0.198s] Level 1:colcon.colcon_core.package_identification:_identify(src) by extensions ['ignore', 'ignore_ament_install']
[0.198s] Level 1:colcon.colcon_core.package_identification:_identify(src) by extension 'ignore'
[0.198s] Level 1:colcon.colcon_core.package_identification:_identify(src) by extension 'ignore_ament_install'
[0.198s] Level 1:colcon.colcon_core.package_identification:_identify(src) by extensions ['colcon_pkg']
[0.198s] Level 1:colcon.colcon_core.package_identification:_identify(src) by extension 'colcon_pkg'
[0.198s] Level 1:colcon.colcon_core.package_identification:_identify(src) by extensions ['colcon_meta']
[0.198s] Level 1:colcon.colcon_core.package_identification:_identify(src) by extension 'colcon_meta'
[0.198s] Level 1:colcon.colcon_core.package_identification:_identify(src) by extensions ['ros']
[0.198s] Level 1:colcon.colcon_core.package_identification:_identify(src) by extension 'ros'
[0.198s] Level 1:colcon.colcon_core.package_identification:_identify(src) by extensions ['cmake', 'python']
[0.198s] Level 1:colcon.colcon_core.package_identification:_identify(src) by extension 'cmake'
[0.198s] Level 1:colcon.colcon_core.package_identification:_identify(src) by extension 'python'
[0.198s] Level 1:colcon.colcon_core.package_identification:_identify(src) by extensions ['python_setup_py']
[0.198s] Level 1:colcon.colcon_core.package_identification:_identify(src) by extension 'python_setup_py'
[0.199s] Level 1:colcon.colcon_core.package_identification:_identify(src/gesture_detection) by extensions ['ignore', 'ignore_ament_install']
[0.199s] Level 1:colcon.colcon_core.package_identification:_identify(src/gesture_detection) by extension 'ignore'
[0.199s] Level 1:colcon.colcon_core.package_identification:_identify(src/gesture_detection) by extension 'ignore_ament_install'
[0.199s] Level 1:colcon.colcon_core.package_identification:_identify(src/gesture_detection) by extensions ['colcon_pkg']
[0.199s] Level 1:colcon.colcon_core.package_identification:_identify(src/gesture_detection) by extension 'colcon_pkg'
[0.199s] Level 1:colcon.colcon_core.package_identification:_identify(src/gesture_detection) by extensions ['colcon_meta']
[0.199s] Level 1:colcon.colcon_core.package_identification:_identify(src/gesture_detection) by extension 'colcon_meta'
[0.199s] Level 1:colcon.colcon_core.package_identification:_identify(src/gesture_detection) by extensions ['ros']
[0.199s] Level 1:colcon.colcon_core.package_identification:_identify(src/gesture_detection) by extension 'ros'
[0.201s] DEBUG:colcon.colcon_core.package_identification:Package 'src/gesture_detection' with type 'ros.ament_cmake' and name 'gesture_detection'
[0.201s] Level 1:colcon.colcon_core.package_discovery:discover_packages(recursive) using defaults
[0.201s] Level 1:colcon.colcon_core.package_discovery:discover_packages(ignore) discover
[0.201s] Level 1:colcon.colcon_core.package_discovery:discover_packages(ignore) using defaults
[0.201s] Level 1:colcon.colcon_core.package_discovery:discover_packages(path) discover
[0.201s] Level 1:colcon.colcon_core.package_discovery:discover_packages(path) using defaults
[0.217s] Level 1:colcon.colcon_core.package_discovery:discover_packages(prefix_path) check parameters
[0.217s] Level 1:colcon.colcon_core.package_discovery:discover_packages(prefix_path) discover
[0.221s] DEBUG:colcon.colcon_installed_package_information.package_discovery:Found 1 installed packages in /home/pumid/Desktop/athome/athome_ws/install
[0.222s] DEBUG:colcon.colcon_installed_package_information.package_discovery:Found 3 installed packages in /home/pumid/Desktop/fra333/lab2_ws/install
[0.223s] DEBUG:colcon.colcon_installed_package_information.package_discovery:Found 1 installed packages in /home/pumid/Desktop/fra333/mytest_lab2/install
[0.224s] DEBUG:colcon.colcon_installed_package_information.package_discovery:Found 0 installed packages in /home/pumid/install
[0.225s] DEBUG:colcon.colcon_installed_package_information.package_discovery:Found 1 installed packages in /home/pumid/Desktop/fra333/learning_ws/install
[0.226s] DEBUG:colcon.colcon_installed_package_information.package_discovery:Found 1 installed packages in /home/pumid/Desktop/fra333/FRA333-week3/install
[0.227s] DEBUG:colcon.colcon_installed_package_information.package_discovery:Found 1 installed packages in /home/pumid/Desktop/fra333/lab2_example_ws/install
[0.227s] DEBUG:colcon.colcon_installed_package_information.package_discovery:Found 2 installed packages in /home/pumid/Desktop/fra333/fra333_lab1_32/install
[0.229s] DEBUG:colcon.colcon_installed_package_information.package_discovery:Found 262 installed packages in /opt/ros/foxy
[0.230s] Level 1:colcon.colcon_core.package_discovery:discover_packages(prefix_path) using defaults
[0.297s] Level 5:colcon.colcon_core.verb:set package 'gesture_detection' build argument 'cmake_args' from command line to 'None'
[0.297s] Level 5:colcon.colcon_core.verb:set package 'gesture_detection' build argument 'cmake_target' from command line to 'None'
[0.297s] Level 5:colcon.colcon_core.verb:set package 'gesture_detection' build argument 'cmake_target_skip_unavailable' from command line to 'False'
[0.297s] Level 5:colcon.colcon_core.verb:set package 'gesture_detection' build argument 'cmake_clean_cache' from command line to 'False'
[0.297s] Level 5:colcon.colcon_core.verb:set package 'gesture_detection' build argument 'cmake_clean_first' from command line to 'False'
[0.297s] Level 5:colcon.colcon_core.verb:set package 'gesture_detection' build argument 'cmake_force_configure' from command line to 'False'
[0.297s] Level 5:colcon.colcon_core.verb:set package 'gesture_detection' build argument 'ament_cmake_args' from command line to 'None'
[0.297s] Level 5:colcon.colcon_core.verb:set package 'gesture_detection' build argument 'catkin_cmake_args' from command line to 'None'
[0.297s] Level 5:colcon.colcon_core.verb:set package 'gesture_detection' build argument 'catkin_skip_building_tests' from command line to 'False'
[0.298s] DEBUG:colcon.colcon_core.verb:Building package 'gesture_detection' with the following arguments: {'ament_cmake_args': None, 'build_base': '/home/pumid/Desktop/athome/athome_ws/build/gesture_detection', 'catkin_cmake_args': None, 'catkin_skip_building_tests': False, 'cmake_args': None, 'cmake_clean_cache': False, 'cmake_clean_first': False, 'cmake_force_configure': False, 'cmake_target': None, 'cmake_target_skip_unavailable': False, 'install_base': '/home/pumid/Desktop/athome/athome_ws/install/gesture_detection', 'merge_install': False, 'path': '/home/pumid/Desktop/athome/athome_ws/src/gesture_detection', 'symlink_install': True, 'test_result_base': None}
[0.298s] INFO:colcon.colcon_core.executor:Executing jobs using 'parallel' executor
[0.302s] DEBUG:colcon.colcon_parallel_executor.executor.parallel:run_until_complete
[0.302s] INFO:colcon.colcon_ros.task.ament_cmake.build:Building ROS package in '/home/pumid/Desktop/athome/athome_ws/src/gesture_detection' with build type 'ament_cmake'
[0.302s] INFO:colcon.colcon_cmake.task.cmake.build:Building CMake package in '/home/pumid/Desktop/athome/athome_ws/src/gesture_detection'
[0.308s] INFO:colcon.colcon_core.plugin_system:Skipping extension 'colcon_core.shell.bat': Not used on non-Windows systems
[0.308s] INFO:colcon.colcon_core.shell:Skip shell extension 'powershell' for command environment: Not usable outside of PowerShell
[0.308s] DEBUG:colcon.colcon_core.shell:Skip shell extension 'dsv' for command environment
[0.327s] DEBUG:colcon.colcon_core.event_handler.log_command:Invoking command in '/home/pumid/Desktop/athome/athome_ws/build/gesture_detection': CMAKE_PREFIX_PATH=${CMAKE_PREFIX_PATH}:/home/pumid/Desktop/fra333/learning_ws/install/urdf_tutorial_r2d2:/opt/ros/foxy /usr/bin/cmake --build /home/pumid/Desktop/athome/athome_ws/build/gesture_detection -- -j16 -l16
[1.129s] DEBUG:colcon.colcon_core.event_handler.log_command:Invoked command in '/home/pumid/Desktop/athome/athome_ws/build/gesture_detection' returned '0': CMAKE_PREFIX_PATH=${CMAKE_PREFIX_PATH}:/home/pumid/Desktop/fra333/learning_ws/install/urdf_tutorial_r2d2:/opt/ros/foxy /usr/bin/cmake --build /home/pumid/Desktop/athome/athome_ws/build/gesture_detection -- -j16 -l16
[1.186s] DEBUG:colcon.colcon_core.event_handler.log_command:Invoking command in '/home/pumid/Desktop/athome/athome_ws/build/gesture_detection': CMAKE_PREFIX_PATH=${CMAKE_PREFIX_PATH}:/home/pumid/Desktop/fra333/learning_ws/install/urdf_tutorial_r2d2:/opt/ros/foxy /usr/bin/cmake --install /home/pumid/Desktop/athome/athome_ws/build/gesture_detection
[1.274s] Level 1:colcon.colcon_core.environment:create_environment_scripts_only(gesture_detection)
[1.276s] DEBUG:colcon.colcon_core.event_handler.log_command:Invoked command in '/home/pumid/Desktop/athome/athome_ws/build/gesture_detection' returned '0': CMAKE_PREFIX_PATH=${CMAKE_PREFIX_PATH}:/home/pumid/Desktop/fra333/learning_ws/install/urdf_tutorial_r2d2:/opt/ros/foxy /usr/bin/cmake --install /home/pumid/Desktop/athome/athome_ws/build/gesture_detection
[1.285s] Level 1:colcon.colcon_core.environment:checking '/home/pumid/Desktop/athome/athome_ws/install/gesture_detection' for CMake module files
[1.286s] Level 1:colcon.colcon_core.environment:checking '/home/pumid/Desktop/athome/athome_ws/install/gesture_detection' for CMake config files
[1.286s] Level 1:colcon.colcon_core.shell:create_environment_hook('gesture_detection', 'cmake_prefix_path')
[1.287s] INFO:colcon.colcon_core.shell:Creating environment hook '/home/pumid/Desktop/athome/athome_ws/install/gesture_detection/share/gesture_detection/hook/cmake_prefix_path.ps1'
[1.288s] INFO:colcon.colcon_core.shell:Creating environment descriptor '/home/pumid/Desktop/athome/athome_ws/install/gesture_detection/share/gesture_detection/hook/cmake_prefix_path.dsv'
[1.288s] INFO:colcon.colcon_core.shell:Creating environment hook '/home/pumid/Desktop/athome/athome_ws/install/gesture_detection/share/gesture_detection/hook/cmake_prefix_path.sh'
[1.289s] Level 1:colcon.colcon_core.environment:checking '/home/pumid/Desktop/athome/athome_ws/install/gesture_detection/lib'
[1.289s] Level 1:colcon.colcon_core.environment:checking '/home/pumid/Desktop/athome/athome_ws/install/gesture_detection/bin'
[1.289s] Level 1:colcon.colcon_core.environment:checking '/home/pumid/Desktop/athome/athome_ws/install/gesture_detection/lib/pkgconfig/gesture_detection.pc'
[1.290s] Level 1:colcon.colcon_core.environment:checking '/home/pumid/Desktop/athome/athome_ws/install/gesture_detection/lib/python3.8/site-packages'
[1.290s] Level 1:colcon.colcon_core.shell:create_environment_hook('gesture_detection', 'pythonpath')
[1.291s] INFO:colcon.colcon_core.shell:Creating environment hook '/home/pumid/Desktop/athome/athome_ws/install/gesture_detection/share/gesture_detection/hook/pythonpath.ps1'
[1.291s] INFO:colcon.colcon_core.shell:Creating environment descriptor '/home/pumid/Desktop/athome/athome_ws/install/gesture_detection/share/gesture_detection/hook/pythonpath.dsv'
[1.292s] INFO:colcon.colcon_core.shell:Creating environment hook '/home/pumid/Desktop/athome/athome_ws/install/gesture_detection/share/gesture_detection/hook/pythonpath.sh'
[1.292s] Level 1:colcon.colcon_core.environment:checking '/home/pumid/Desktop/athome/athome_ws/install/gesture_detection/bin'
[1.293s] INFO:colcon.colcon_core.shell:Creating package script '/home/pumid/Desktop/athome/athome_ws/install/gesture_detection/share/gesture_detection/package.ps1'
[1.294s] INFO:colcon.colcon_core.shell:Creating package descriptor '/home/pumid/Desktop/athome/athome_ws/install/gesture_detection/share/gesture_detection/package.dsv'
[1.295s] INFO:colcon.colcon_core.shell:Creating package script '/home/pumid/Desktop/athome/athome_ws/install/gesture_detection/share/gesture_detection/package.sh'
[1.297s] INFO:colcon.colcon_core.shell:Creating package script '/home/pumid/Desktop/athome/athome_ws/install/gesture_detection/share/gesture_detection/package.bash'
[1.297s] INFO:colcon.colcon_core.shell:Creating package script '/home/pumid/Desktop/athome/athome_ws/install/gesture_detection/share/gesture_detection/package.zsh'
[1.298s] Level 1:colcon.colcon_core.environment:create_file_with_runtime_dependencies(/home/pumid/Desktop/athome/athome_ws/install/gesture_detection/share/colcon-core/packages/gesture_detection)
[1.340s] Level 1:colcon.colcon_core.environment:create_environment_scripts_only(gesture_detection)
[1.344s] Level 1:colcon.colcon_core.environment:checking '/home/pumid/Desktop/athome/athome_ws/install/gesture_detection' for CMake module files
[1.345s] Level 1:colcon.colcon_core.environment:checking '/home/pumid/Desktop/athome/athome_ws/install/gesture_detection' for CMake config files
[1.346s] Level 1:colcon.colcon_core.shell:create_environment_hook('gesture_detection', 'cmake_prefix_path')
[1.348s] INFO:colcon.colcon_core.shell:Creating environment hook '/home/pumid/Desktop/athome/athome_ws/install/gesture_detection/share/gesture_detection/hook/cmake_prefix_path.ps1'
[1.350s] INFO:colcon.colcon_core.shell:Creating environment descriptor '/home/pumid/Desktop/athome/athome_ws/install/gesture_detection/share/gesture_detection/hook/cmake_prefix_path.dsv'
[1.351s] INFO:colcon.colcon_core.shell:Creating environment hook '/home/pumid/Desktop/athome/athome_ws/install/gesture_detection/share/gesture_detection/hook/cmake_prefix_path.sh'
[1.352s] Level 1:colcon.colcon_core.environment:checking '/home/pumid/Desktop/athome/athome_ws/install/gesture_detection/lib'
[1.352s] Level 1:colcon.colcon_core.environment:checking '/home/pumid/Desktop/athome/athome_ws/install/gesture_detection/bin'
[1.352s] Level 1:colcon.colcon_core.environment:checking '/home/pumid/Desktop/athome/athome_ws/install/gesture_detection/lib/pkgconfig/gesture_detection.pc'
[1.353s] Level 1:colcon.colcon_core.environment:checking '/home/pumid/Desktop/athome/athome_ws/install/gesture_detection/lib/python3.8/site-packages'
[1.353s] Level 1:colcon.colcon_core.shell:create_environment_hook('gesture_detection', 'pythonpath')
[1.354s] INFO:colcon.colcon_core.shell:Creating environment hook '/home/pumid/Desktop/athome/athome_ws/install/gesture_detection/share/gesture_detection/hook/pythonpath.ps1'
[1.354s] INFO:colcon.colcon_core.shell:Creating environment descriptor '/home/pumid/Desktop/athome/athome_ws/install/gesture_detection/share/gesture_detection/hook/pythonpath.dsv'
[1.355s] INFO:colcon.colcon_core.shell:Creating environment hook '/home/pumid/Desktop/athome/athome_ws/install/gesture_detection/share/gesture_detection/hook/pythonpath.sh'
[1.355s] Level 1:colcon.colcon_core.environment:checking '/home/pumid/Desktop/athome/athome_ws/install/gesture_detection/bin'
[1.356s] INFO:colcon.colcon_core.shell:Creating package script '/home/pumid/Desktop/athome/athome_ws/install/gesture_detection/share/gesture_detection/package.ps1'
[1.357s] INFO:colcon.colcon_core.shell:Creating package descriptor '/home/pumid/Desktop/athome/athome_ws/install/gesture_detection/share/gesture_detection/package.dsv'
[1.357s] INFO:colcon.colcon_core.shell:Creating package script '/home/pumid/Desktop/athome/athome_ws/install/gesture_detection/share/gesture_detection/package.sh'
[1.358s] INFO:colcon.colcon_core.shell:Creating package script '/home/pumid/Desktop/athome/athome_ws/install/gesture_detection/share/gesture_detection/package.bash'
[1.359s] INFO:colcon.colcon_core.shell:Creating package script '/home/pumid/Desktop/athome/athome_ws/install/gesture_detection/share/gesture_detection/package.zsh'
[1.359s] Level 1:colcon.colcon_core.environment:create_file_with_runtime_dependencies(/home/pumid/Desktop/athome/athome_ws/install/gesture_detection/share/colcon-core/packages/gesture_detection)
[1.360s] DEBUG:colcon.colcon_parallel_executor.executor.parallel:closing loop
[1.360s] DEBUG:colcon.colcon_parallel_executor.executor.parallel:loop closed
[1.360s] DEBUG:colcon.colcon_parallel_executor.executor.parallel:run_until_complete finished with '0'
[1.360s] DEBUG:colcon.colcon_core.event_reactor:joining thread
[1.367s] INFO:colcon.colcon_core.plugin_system:Skipping extension 'colcon_notification.desktop_notification.terminal_notifier': Not used on non-Darwin systems
[1.368s] INFO:colcon.colcon_core.plugin_system:Skipping extension 'colcon_notification.desktop_notification.win32': Not used on non-Windows systems
[1.368s] INFO:colcon.colcon_notification.desktop_notification:Sending desktop notification using 'notify2'
[1.388s] DEBUG:colcon.colcon_core.event_reactor:joined thread
[1.392s] INFO:colcon.colcon_core.shell:Creating prefix script '/home/pumid/Desktop/athome/athome_ws/install/local_setup.ps1'
[1.394s] INFO:colcon.colcon_core.shell:Creating prefix util module '/home/pumid/Desktop/athome/athome_ws/install/_local_setup_util_ps1.py'
[1.396s] INFO:colcon.colcon_core.shell:Creating prefix chain script '/home/pumid/Desktop/athome/athome_ws/install/setup.ps1'
[1.400s] INFO:colcon.colcon_core.shell:Creating prefix script '/home/pumid/Desktop/athome/athome_ws/install/local_setup.sh'
[1.401s] INFO:colcon.colcon_core.shell:Creating prefix util module '/home/pumid/Desktop/athome/athome_ws/install/_local_setup_util_sh.py'
[1.402s] INFO:colcon.colcon_core.shell:Creating prefix chain script '/home/pumid/Desktop/athome/athome_ws/install/setup.sh'
[1.405s] INFO:colcon.colcon_core.shell:Creating prefix script '/home/pumid/Desktop/athome/athome_ws/install/local_setup.bash'
[1.406s] INFO:colcon.colcon_core.shell:Creating prefix chain script '/home/pumid/Desktop/athome/athome_ws/install/setup.bash'
[1.410s] INFO:colcon.colcon_core.shell:Creating prefix script '/home/pumid/Desktop/athome/athome_ws/install/local_setup.zsh'
[1.411s] INFO:colcon.colcon_core.shell:Creating prefix chain script '/home/pumid/Desktop/athome/athome_ws/install/setup.zsh'
