[0.132s] DEBUG:colcon:Command line arguments: ['/usr/bin/colcon', 'build', '--symlink-install']
[0.132s] DEBUG:colcon:Parsed command line arguments: Namespace(allow_overriding=[], ament_cmake_args=None, base_paths=['.'], build_base='build', catkin_cmake_args=None, catkin_skip_building_tests=False, cmake_args=None, cmake_clean_cache=False, cmake_clean_first=False, cmake_force_configure=False, cmake_target=None, cmake_target_skip_unavailable=False, continue_on_error=False, event_handlers=None, executor='parallel', ignore_user_meta=False, install_base='install', log_base=None, log_level=None, main=<bound method BuildVerb.main of <colcon_core.verb.build.BuildVerb object at 0x7fd0e8e00640>>, merge_install=False, metas=['./colcon.meta'], packages_above=None, packages_above_and_dependencies=None, packages_above_depth=None, packages_end=None, packages_ignore=None, packages_ignore_regex=None, packages_select=None, packages_select_build_failed=False, packages_select_by_dep=None, packages_select_regex=None, packages_select_test_failures=False, packages_skip=None, packages_skip_build_finished=False, packages_skip_by_dep=None, packages_skip_regex=None, packages_skip_test_passed=False, packages_skip_up_to=None, packages_start=None, packages_up_to=None, packages_up_to_regex=None, parallel_workers=16, paths=None, symlink_install=True, test_result_base=None, verb_extension=<colcon_core.verb.build.BuildVerb object at 0x7fd0e8e00640>, verb_name='build', verb_parser=<colcon_defaults.argument_parser.defaults.DefaultArgumentsDecorator object at 0x7fd0e8e00b80>)
[0.159s] Level 1:colcon.colcon_core.package_discovery:discover_packages(colcon_meta) check parameters
[0.159s] Level 1:colcon.colcon_core.package_discovery:discover_packages(recursive) check parameters
[0.159s] Level 1:colcon.colcon_core.package_discovery:discover_packages(ignore) check parameters
[0.159s] Level 1:colcon.colcon_core.package_discovery:discover_packages(path) check parameters
[0.159s] Level 1:colcon.colcon_core.package_discovery:discover_packages(colcon_meta) discover
[0.159s] Level 1:colcon.colcon_core.package_discovery:discover_packages(recursive) discover
[0.159s] INFO:colcon.colcon_core.package_discovery:Crawling recursively for packages in '/home/pumid/Desktop/athome/athome_ws'
[0.160s] Level 1:colcon.colcon_core.package_identification:_identify(.) by extensions ['ignore', 'ignore_ament_install']
[0.160s] Level 1:colcon.colcon_core.package_identification:_identify(.) by extension 'ignore'
[0.160s] Level 1:colcon.colcon_core.package_identification:_identify(.) by extension 'ignore_ament_install'
[0.160s] Level 1:colcon.colcon_core.package_identification:_identify(.) by extensions ['colcon_pkg']
[0.160s] Level 1:colcon.colcon_core.package_identification:_identify(.) by extension 'colcon_pkg'
[0.160s] Level 1:colcon.colcon_core.package_identification:_identify(.) by extensions ['colcon_meta']
[0.160s] Level 1:colcon.colcon_core.package_identification:_identify(.) by extension 'colcon_meta'
[0.160s] Level 1:colcon.colcon_core.package_identification:_identify(.) by extensions ['ros']
[0.160s] Level 1:colcon.colcon_core.package_identification:_identify(.) by extension 'ros'
[0.177s] Level 1:colcon.colcon_core.package_identification:_identify(.) by extensions ['cmake', 'python']
[0.177s] Level 1:colcon.colcon_core.package_identification:_identify(.) by extension 'cmake'
[0.177s] Level 1:colcon.colcon_core.package_identification:_identify(.) by extension 'python'
[0.177s] Level 1:colcon.colcon_core.package_identification:_identify(.) by extensions ['python_setup_py']
[0.177s] Level 1:colcon.colcon_core.package_identification:_identify(.) by extension 'python_setup_py'
[0.177s] Level 1:colcon.colcon_core.package_identification:_identify(build) by extensions ['ignore', 'ignore_ament_install']
[0.177s] Level 1:colcon.colcon_core.package_identification:_identify(build) by extension 'ignore'
[0.177s] Level 1:colcon.colcon_core.package_identification:_identify(build) ignored
[0.177s] Level 1:colcon.colcon_core.package_identification:_identify(docs) by extensions ['ignore', 'ignore_ament_install']
[0.177s] Level 1:colcon.colcon_core.package_identification:_identify(docs) by extension 'ignore'
[0.177s] Level 1:colcon.colcon_core.package_identification:_identify(docs) by extension 'ignore_ament_install'
[0.178s] Level 1:colcon.colcon_core.package_identification:_identify(docs) by extensions ['colcon_pkg']
[0.178s] Level 1:colcon.colcon_core.package_identification:_identify(docs) by extension 'colcon_pkg'
[0.178s] Level 1:colcon.colcon_core.package_identification:_identify(docs) by extensions ['colcon_meta']
[0.178s] Level 1:colcon.colcon_core.package_identification:_identify(docs) by extension 'colcon_meta'
[0.178s] Level 1:colcon.colcon_core.package_identification:_identify(docs) by extensions ['ros']
[0.178s] Level 1:colcon.colcon_core.package_identification:_identify(docs) by extension 'ros'
[0.178s] Level 1:colcon.colcon_core.package_identification:_identify(docs) by extensions ['cmake', 'python']
[0.178s] Level 1:colcon.colcon_core.package_identification:_identify(docs) by extension 'cmake'
[0.178s] Level 1:colcon.colcon_core.package_identification:_identify(docs) by extension 'python'
[0.178s] Level 1:colcon.colcon_core.package_identification:_identify(docs) by extensions ['python_setup_py']
[0.178s] Level 1:colcon.colcon_core.package_identification:_identify(docs) by extension 'python_setup_py'
[0.178s] Level 1:colcon.colcon_core.package_identification:_identify(docs/build) by extensions ['ignore', 'ignore_ament_install']
[0.178s] Level 1:colcon.colcon_core.package_identification:_identify(docs/build) by extension 'ignore'
[0.178s] Level 1:colcon.colcon_core.package_identification:_identify(docs/build) by extension 'ignore_ament_install'
[0.178s] Level 1:colcon.colcon_core.package_identification:_identify(docs/build) by extensions ['colcon_pkg']
[0.178s] Level 1:colcon.colcon_core.package_identification:_identify(docs/build) by extension 'colcon_pkg'
[0.178s] Level 1:colcon.colcon_core.package_identification:_identify(docs/build) by extensions ['colcon_meta']
[0.178s] Level 1:colcon.colcon_core.package_identification:_identify(docs/build) by extension 'colcon_meta'
[0.178s] Level 1:colcon.colcon_core.package_identification:_identify(docs/build) by extensions ['ros']
[0.178s] Level 1:colcon.colcon_core.package_identification:_identify(docs/build) by extension 'ros'
[0.178s] Level 1:colcon.colcon_core.package_identification:_identify(docs/build) by extensions ['cmake', 'python']
[0.178s] Level 1:colcon.colcon_core.package_identification:_identify(docs/build) by extension 'cmake'
[0.178s] Level 1:colcon.colcon_core.package_identification:_identify(docs/build) by extension 'python'
[0.178s] Level 1:colcon.colcon_core.package_identification:_identify(docs/build) by extensions ['python_setup_py']
[0.178s] Level 1:colcon.colcon_core.package_identification:_identify(docs/build) by extension 'python_setup_py'
[0.178s] Level 1:colcon.colcon_core.package_identification:_identify(docs/build/doctrees) by extensions ['ignore', 'ignore_ament_install']
[0.178s] Level 1:colcon.colcon_core.package_identification:_identify(docs/build/doctrees) by extension 'ignore'
[0.179s] Level 1:colcon.colcon_core.package_identification:_identify(docs/build/doctrees) by extension 'ignore_ament_install'
[0.179s] Level 1:colcon.colcon_core.package_identification:_identify(docs/build/doctrees) by extensions ['colcon_pkg']
[0.179s] Level 1:colcon.colcon_core.package_identification:_identify(docs/build/doctrees) by extension 'colcon_pkg'
[0.179s] Level 1:colcon.colcon_core.package_identification:_identify(docs/build/doctrees) by extensions ['colcon_meta']
[0.179s] Level 1:colcon.colcon_core.package_identification:_identify(docs/build/doctrees) by extension 'colcon_meta'
[0.179s] Level 1:colcon.colcon_core.package_identification:_identify(docs/build/doctrees) by extensions ['ros']
[0.179s] Level 1:colcon.colcon_core.package_identification:_identify(docs/build/doctrees) by extension 'ros'
[0.179s] Level 1:colcon.colcon_core.package_identification:_identify(docs/build/doctrees) by extensions ['cmake', 'python']
[0.179s] Level 1:colcon.colcon_core.package_identification:_identify(docs/build/doctrees) by extension 'cmake'
[0.179s] Level 1:colcon.colcon_core.package_identification:_identify(docs/build/doctrees) by extension 'python'
[0.179s] Level 1:colcon.colcon_core.package_identification:_identify(docs/build/doctrees) by extensions ['python_setup_py']
[0.179s] Level 1:colcon.colcon_core.package_identification:_identify(docs/build/doctrees) by extension 'python_setup_py'
[0.179s] Level 1:colcon.colcon_core.package_identification:_identify(docs/build/html) by extensions ['ignore', 'ignore_ament_install']
[0.179s] Level 1:colcon.colcon_core.package_identification:_identify(docs/build/html) by extension 'ignore'
[0.179s] Level 1:colcon.colcon_core.package_identification:_identify(docs/build/html) by extension 'ignore_ament_install'
[0.179s] Level 1:colcon.colcon_core.package_identification:_identify(docs/build/html) by extensions ['colcon_pkg']
[0.179s] Level 1:colcon.colcon_core.package_identification:_identify(docs/build/html) by extension 'colcon_pkg'
[0.179s] Level 1:colcon.colcon_core.package_identification:_identify(docs/build/html) by extensions ['colcon_meta']
[0.179s] Level 1:colcon.colcon_core.package_identification:_identify(docs/build/html) by extension 'colcon_meta'
[0.179s] Level 1:colcon.colcon_core.package_identification:_identify(docs/build/html) by extensions ['ros']
[0.179s] Level 1:colcon.colcon_core.package_identification:_identify(docs/build/html) by extension 'ros'
[0.179s] Level 1:colcon.colcon_core.package_identification:_identify(docs/build/html) by extensions ['cmake', 'python']
[0.179s] Level 1:colcon.colcon_core.package_identification:_identify(docs/build/html) by extension 'cmake'
[0.179s] Level 1:colcon.colcon_core.package_identification:_identify(docs/build/html) by extension 'python'
[0.179s] Level 1:colcon.colcon_core.package_identification:_identify(docs/build/html) by extensions ['python_setup_py']
[0.179s] Level 1:colcon.colcon_core.package_identification:_identify(docs/build/html) by extension 'python_setup_py'
[0.180s] Level 1:colcon.colcon_core.package_identification:_identify(docs/build/html/_sources) by extensions ['ignore', 'ignore_ament_install']
[0.180s] Level 1:colcon.colcon_core.package_identification:_identify(docs/build/html/_sources) by extension 'ignore'
[0.180s] Level 1:colcon.colcon_core.package_identification:_identify(docs/build/html/_sources) by extension 'ignore_ament_install'
[0.180s] Level 1:colcon.colcon_core.package_identification:_identify(docs/build/html/_sources) by extensions ['colcon_pkg']
[0.180s] Level 1:colcon.colcon_core.package_identification:_identify(docs/build/html/_sources) by extension 'colcon_pkg'
[0.180s] Level 1:colcon.colcon_core.package_identification:_identify(docs/build/html/_sources) by extensions ['colcon_meta']
[0.180s] Level 1:colcon.colcon_core.package_identification:_identify(docs/build/html/_sources) by extension 'colcon_meta'
[0.180s] Level 1:colcon.colcon_core.package_identification:_identify(docs/build/html/_sources) by extensions ['ros']
[0.180s] Level 1:colcon.colcon_core.package_identification:_identify(docs/build/html/_sources) by extension 'ros'
[0.180s] Level 1:colcon.colcon_core.package_identification:_identify(docs/build/html/_sources) by extensions ['cmake', 'python']
[0.180s] Level 1:colcon.colcon_core.package_identification:_identify(docs/build/html/_sources) by extension 'cmake'
[0.180s] Level 1:colcon.colcon_core.package_identification:_identify(docs/build/html/_sources) by extension 'python'
[0.180s] Level 1:colcon.colcon_core.package_identification:_identify(docs/build/html/_sources) by extensions ['python_setup_py']
[0.180s] Level 1:colcon.colcon_core.package_identification:_identify(docs/build/html/_sources) by extension 'python_setup_py'
[0.180s] Level 1:colcon.colcon_core.package_identification:_identify(docs/build/html/_static) by extensions ['ignore', 'ignore_ament_install']
[0.180s] Level 1:colcon.colcon_core.package_identification:_identify(docs/build/html/_static) by extension 'ignore'
[0.180s] Level 1:colcon.colcon_core.package_identification:_identify(docs/build/html/_static) by extension 'ignore_ament_install'
[0.180s] Level 1:colcon.colcon_core.package_identification:_identify(docs/build/html/_static) by extensions ['colcon_pkg']
[0.180s] Level 1:colcon.colcon_core.package_identification:_identify(docs/build/html/_static) by extension 'colcon_pkg'
[0.180s] Level 1:colcon.colcon_core.package_identification:_identify(docs/build/html/_static) by extensions ['colcon_meta']
[0.180s] Level 1:colcon.colcon_core.package_identification:_identify(docs/build/html/_static) by extension 'colcon_meta'
[0.180s] Level 1:colcon.colcon_core.package_identification:_identify(docs/build/html/_static) by extensions ['ros']
[0.180s] Level 1:colcon.colcon_core.package_identification:_identify(docs/build/html/_static) by extension 'ros'
[0.180s] Level 1:colcon.colcon_core.package_identification:_identify(docs/build/html/_static) by extensions ['cmake', 'python']
[0.181s] Level 1:colcon.colcon_core.package_identification:_identify(docs/build/html/_static) by extension 'cmake'
[0.181s] Level 1:colcon.colcon_core.package_identification:_identify(docs/build/html/_static) by extension 'python'
[0.181s] Level 1:colcon.colcon_core.package_identification:_identify(docs/build/html/_static) by extensions ['python_setup_py']
[0.181s] Level 1:colcon.colcon_core.package_identification:_identify(docs/build/html/_static) by extension 'python_setup_py'
[0.181s] Level 1:colcon.colcon_core.package_identification:_identify(docs/source) by extensions ['ignore', 'ignore_ament_install']
[0.181s] Level 1:colcon.colcon_core.package_identification:_identify(docs/source) by extension 'ignore'
[0.181s] Level 1:colcon.colcon_core.package_identification:_identify(docs/source) by extension 'ignore_ament_install'
[0.181s] Level 1:colcon.colcon_core.package_identification:_identify(docs/source) by extensions ['colcon_pkg']
[0.181s] Level 1:colcon.colcon_core.package_identification:_identify(docs/source) by extension 'colcon_pkg'
[0.181s] Level 1:colcon.colcon_core.package_identification:_identify(docs/source) by extensions ['colcon_meta']
[0.181s] Level 1:colcon.colcon_core.package_identification:_identify(docs/source) by extension 'colcon_meta'
[0.181s] Level 1:colcon.colcon_core.package_identification:_identify(docs/source) by extensions ['ros']
[0.181s] Level 1:colcon.colcon_core.package_identification:_identify(docs/source) by extension 'ros'
[0.181s] Level 1:colcon.colcon_core.package_identification:_identify(docs/source) by extensions ['cmake', 'python']
[0.181s] Level 1:colcon.colcon_core.package_identification:_identify(docs/source) by extension 'cmake'
[0.181s] Level 1:colcon.colcon_core.package_identification:_identify(docs/source) by extension 'python'
[0.181s] Level 1:colcon.colcon_core.package_identification:_identify(docs/source) by extensions ['python_setup_py']
[0.181s] Level 1:colcon.colcon_core.package_identification:_identify(docs/source) by extension 'python_setup_py'
[0.181s] Level 1:colcon.colcon_core.package_identification:_identify(docs/source/_static) by extensions ['ignore', 'ignore_ament_install']
[0.181s] Level 1:colcon.colcon_core.package_identification:_identify(docs/source/_static) by extension 'ignore'
[0.181s] Level 1:colcon.colcon_core.package_identification:_identify(docs/source/_static) by extension 'ignore_ament_install'
[0.181s] Level 1:colcon.colcon_core.package_identification:_identify(docs/source/_static) by extensions ['colcon_pkg']
[0.181s] Level 1:colcon.colcon_core.package_identification:_identify(docs/source/_static) by extension 'colcon_pkg'
[0.181s] Level 1:colcon.colcon_core.package_identification:_identify(docs/source/_static) by extensions ['colcon_meta']
[0.181s] Level 1:colcon.colcon_core.package_identification:_identify(docs/source/_static) by extension 'colcon_meta'
[0.181s] Level 1:colcon.colcon_core.package_identification:_identify(docs/source/_static) by extensions ['ros']
[0.181s] Level 1:colcon.colcon_core.package_identification:_identify(docs/source/_static) by extension 'ros'
[0.182s] Level 1:colcon.colcon_core.package_identification:_identify(docs/source/_static) by extensions ['cmake', 'python']
[0.182s] Level 1:colcon.colcon_core.package_identification:_identify(docs/source/_static) by extension 'cmake'
[0.182s] Level 1:colcon.colcon_core.package_identification:_identify(docs/source/_static) by extension 'python'
[0.182s] Level 1:colcon.colcon_core.package_identification:_identify(docs/source/_static) by extensions ['python_setup_py']
[0.182s] Level 1:colcon.colcon_core.package_identification:_identify(docs/source/_static) by extension 'python_setup_py'
[0.182s] Level 1:colcon.colcon_core.package_identification:_identify(docs/source/_templates) by extensions ['ignore', 'ignore_ament_install']
[0.182s] Level 1:colcon.colcon_core.package_identification:_identify(docs/source/_templates) by extension 'ignore'
[0.182s] Level 1:colcon.colcon_core.package_identification:_identify(docs/source/_templates) by extension 'ignore_ament_install'
[0.182s] Level 1:colcon.colcon_core.package_identification:_identify(docs/source/_templates) by extensions ['colcon_pkg']
[0.182s] Level 1:colcon.colcon_core.package_identification:_identify(docs/source/_templates) by extension 'colcon_pkg'
[0.182s] Level 1:colcon.colcon_core.package_identification:_identify(docs/source/_templates) by extensions ['colcon_meta']
[0.182s] Level 1:colcon.colcon_core.package_identification:_identify(docs/source/_templates) by extension 'colcon_meta'
[0.182s] Level 1:colcon.colcon_core.package_identification:_identify(docs/source/_templates) by extensions ['ros']
[0.182s] Level 1:colcon.colcon_core.package_identification:_identify(docs/source/_templates) by extension 'ros'
[0.182s] Level 1:colcon.colcon_core.package_identification:_identify(docs/source/_templates) by extensions ['cmake', 'python']
[0.182s] Level 1:colcon.colcon_core.package_identification:_identify(docs/source/_templates) by extension 'cmake'
[0.182s] Level 1:colcon.colcon_core.package_identification:_identify(docs/source/_templates) by extension 'python'
[0.182s] Level 1:colcon.colcon_core.package_identification:_identify(docs/source/_templates) by extensions ['python_setup_py']
[0.182s] Level 1:colcon.colcon_core.package_identification:_identify(docs/source/_templates) by extension 'python_setup_py'
[0.182s] Level 1:colcon.colcon_core.package_identification:_identify(install) by extensions ['ignore', 'ignore_ament_install']
[0.182s] Level 1:colcon.colcon_core.package_identification:_identify(install) by extension 'ignore'
[0.182s] Level 1:colcon.colcon_core.package_identification:_identify(install) ignored
[0.182s] Level 1:colcon.colcon_core.package_identification:_identify(log) by extensions ['ignore', 'ignore_ament_install']
[0.182s] Level 1:colcon.colcon_core.package_identification:_identify(log) by extension 'ignore'
[0.182s] Level 1:colcon.colcon_core.package_identification:_identify(log) ignored
[0.183s] Level 1:colcon.colcon_core.package_identification:_identify(src) by extensions ['ignore', 'ignore_ament_install']
[0.183s] Level 1:colcon.colcon_core.package_identification:_identify(src) by extension 'ignore'
[0.183s] Level 1:colcon.colcon_core.package_identification:_identify(src) by extension 'ignore_ament_install'
[0.183s] Level 1:colcon.colcon_core.package_identification:_identify(src) by extensions ['colcon_pkg']
[0.183s] Level 1:colcon.colcon_core.package_identification:_identify(src) by extension 'colcon_pkg'
[0.183s] Level 1:colcon.colcon_core.package_identification:_identify(src) by extensions ['colcon_meta']
[0.183s] Level 1:colcon.colcon_core.package_identification:_identify(src) by extension 'colcon_meta'
[0.183s] Level 1:colcon.colcon_core.package_identification:_identify(src) by extensions ['ros']
[0.183s] Level 1:colcon.colcon_core.package_identification:_identify(src) by extension 'ros'
[0.183s] Level 1:colcon.colcon_core.package_identification:_identify(src) by extensions ['cmake', 'python']
[0.183s] Level 1:colcon.colcon_core.package_identification:_identify(src) by extension 'cmake'
[0.183s] Level 1:colcon.colcon_core.package_identification:_identify(src) by extension 'python'
[0.183s] Level 1:colcon.colcon_core.package_identification:_identify(src) by extensions ['python_setup_py']
[0.183s] Level 1:colcon.colcon_core.package_identification:_identify(src) by extension 'python_setup_py'
[0.183s] Level 1:colcon.colcon_core.package_identification:_identify(src/gesture_detection) by extensions ['ignore', 'ignore_ament_install']
[0.183s] Level 1:colcon.colcon_core.package_identification:_identify(src/gesture_detection) by extension 'ignore'
[0.183s] Level 1:colcon.colcon_core.package_identification:_identify(src/gesture_detection) by extension 'ignore_ament_install'
[0.183s] Level 1:colcon.colcon_core.package_identification:_identify(src/gesture_detection) by extensions ['colcon_pkg']
[0.183s] Level 1:colcon.colcon_core.package_identification:_identify(src/gesture_detection) by extension 'colcon_pkg'
[0.183s] Level 1:colcon.colcon_core.package_identification:_identify(src/gesture_detection) by extensions ['colcon_meta']
[0.183s] Level 1:colcon.colcon_core.package_identification:_identify(src/gesture_detection) by extension 'colcon_meta'
[0.183s] Level 1:colcon.colcon_core.package_identification:_identify(src/gesture_detection) by extensions ['ros']
[0.183s] Level 1:colcon.colcon_core.package_identification:_identify(src/gesture_detection) by extension 'ros'
[0.185s] DEBUG:colcon.colcon_core.package_identification:Package 'src/gesture_detection' with type 'ros.ament_cmake' and name 'gesture_detection'
[0.185s] Level 1:colcon.colcon_core.package_discovery:discover_packages(recursive) using defaults
[0.185s] Level 1:colcon.colcon_core.package_discovery:discover_packages(ignore) discover
[0.185s] Level 1:colcon.colcon_core.package_discovery:discover_packages(ignore) using defaults
[0.185s] Level 1:colcon.colcon_core.package_discovery:discover_packages(path) discover
[0.185s] Level 1:colcon.colcon_core.package_discovery:discover_packages(path) using defaults
[0.201s] Level 1:colcon.colcon_core.package_discovery:discover_packages(prefix_path) check parameters
[0.201s] Level 1:colcon.colcon_core.package_discovery:discover_packages(prefix_path) discover
[0.204s] DEBUG:colcon.colcon_installed_package_information.package_discovery:Found 1 installed packages in /home/pumid/Desktop/athome/athome_ws/install
[0.204s] DEBUG:colcon.colcon_installed_package_information.package_discovery:Found 3 installed packages in /home/pumid/Desktop/fra333/lab2_ws/install
[0.205s] DEBUG:colcon.colcon_installed_package_information.package_discovery:Found 1 installed packages in /home/pumid/Desktop/fra333/mytest_lab2/install
[0.206s] DEBUG:colcon.colcon_installed_package_information.package_discovery:Found 0 installed packages in /home/pumid/install
[0.207s] DEBUG:colcon.colcon_installed_package_information.package_discovery:Found 1 installed packages in /home/pumid/Desktop/fra333/learning_ws/install
[0.207s] DEBUG:colcon.colcon_installed_package_information.package_discovery:Found 1 installed packages in /home/pumid/Desktop/fra333/FRA333-week3/install
[0.208s] DEBUG:colcon.colcon_installed_package_information.package_discovery:Found 1 installed packages in /home/pumid/Desktop/fra333/lab2_example_ws/install
[0.208s] DEBUG:colcon.colcon_installed_package_information.package_discovery:Found 2 installed packages in /home/pumid/Desktop/fra333/fra333_lab1_32/install
[0.209s] DEBUG:colcon.colcon_installed_package_information.package_discovery:Found 4 installed packages in /home/pumid/Desktop/fra333/lab3_ws/install
[0.210s] DEBUG:colcon.colcon_installed_package_information.package_discovery:Found 285 installed packages in /opt/ros/foxy
[0.212s] Level 1:colcon.colcon_core.package_discovery:discover_packages(prefix_path) using defaults
[0.268s] Level 5:colcon.colcon_core.verb:set package 'gesture_detection' build argument 'cmake_args' from command line to 'None'
[0.268s] Level 5:colcon.colcon_core.verb:set package 'gesture_detection' build argument 'cmake_target' from command line to 'None'
[0.268s] Level 5:colcon.colcon_core.verb:set package 'gesture_detection' build argument 'cmake_target_skip_unavailable' from command line to 'False'
[0.268s] Level 5:colcon.colcon_core.verb:set package 'gesture_detection' build argument 'cmake_clean_cache' from command line to 'False'
[0.268s] Level 5:colcon.colcon_core.verb:set package 'gesture_detection' build argument 'cmake_clean_first' from command line to 'False'
[0.268s] Level 5:colcon.colcon_core.verb:set package 'gesture_detection' build argument 'cmake_force_configure' from command line to 'False'
[0.268s] Level 5:colcon.colcon_core.verb:set package 'gesture_detection' build argument 'ament_cmake_args' from command line to 'None'
[0.268s] Level 5:colcon.colcon_core.verb:set package 'gesture_detection' build argument 'catkin_cmake_args' from command line to 'None'
[0.268s] Level 5:colcon.colcon_core.verb:set package 'gesture_detection' build argument 'catkin_skip_building_tests' from command line to 'False'
[0.268s] DEBUG:colcon.colcon_core.verb:Building package 'gesture_detection' with the following arguments: {'ament_cmake_args': None, 'build_base': '/home/pumid/Desktop/athome/athome_ws/build/gesture_detection', 'catkin_cmake_args': None, 'catkin_skip_building_tests': False, 'cmake_args': None, 'cmake_clean_cache': False, 'cmake_clean_first': False, 'cmake_force_configure': False, 'cmake_target': None, 'cmake_target_skip_unavailable': False, 'install_base': '/home/pumid/Desktop/athome/athome_ws/install/gesture_detection', 'merge_install': False, 'path': '/home/pumid/Desktop/athome/athome_ws/src/gesture_detection', 'symlink_install': True, 'test_result_base': None}
[0.269s] INFO:colcon.colcon_core.executor:Executing jobs using 'parallel' executor
[0.273s] DEBUG:colcon.colcon_parallel_executor.executor.parallel:run_until_complete
[0.273s] INFO:colcon.colcon_ros.task.ament_cmake.build:Building ROS package in '/home/pumid/Desktop/athome/athome_ws/src/gesture_detection' with build type 'ament_cmake'
[0.273s] INFO:colcon.colcon_cmake.task.cmake.build:Building CMake package in '/home/pumid/Desktop/athome/athome_ws/src/gesture_detection'
[0.278s] INFO:colcon.colcon_core.plugin_system:Skipping extension 'colcon_core.shell.bat': Not used on non-Windows systems
[0.278s] INFO:colcon.colcon_core.shell:Skip shell extension 'powershell' for command environment: Not usable outside of PowerShell
[0.278s] DEBUG:colcon.colcon_core.shell:Skip shell extension 'dsv' for command environment
[0.299s] DEBUG:colcon.colcon_core.event_handler.log_command:Invoking command in '/home/pumid/Desktop/athome/athome_ws/build/gesture_detection': CMAKE_PREFIX_PATH=${CMAKE_PREFIX_PATH}:/home/pumid/Desktop/fra333/learning_ws/install/urdf_tutorial_r2d2:/opt/ros/foxy /usr/bin/cmake --build /home/pumid/Desktop/athome/athome_ws/build/gesture_detection -- -j16 -l16
[0.378s] DEBUG:colcon.colcon_core.event_handler.log_command:Invoked command in '/home/pumid/Desktop/athome/athome_ws/build/gesture_detection' returned '0': CMAKE_PREFIX_PATH=${CMAKE_PREFIX_PATH}:/home/pumid/Desktop/fra333/learning_ws/install/urdf_tutorial_r2d2:/opt/ros/foxy /usr/bin/cmake --build /home/pumid/Desktop/athome/athome_ws/build/gesture_detection -- -j16 -l16
[0.439s] DEBUG:colcon.colcon_core.event_handler.log_command:Invoking command in '/home/pumid/Desktop/athome/athome_ws/build/gesture_detection': CMAKE_PREFIX_PATH=${CMAKE_PREFIX_PATH}:/home/pumid/Desktop/fra333/learning_ws/install/urdf_tutorial_r2d2:/opt/ros/foxy /usr/bin/cmake --install /home/pumid/Desktop/athome/athome_ws/build/gesture_detection
[0.515s] Level 1:colcon.colcon_core.environment:create_environment_scripts_only(gesture_detection)
[0.518s] DEBUG:colcon.colcon_core.event_handler.log_command:Invoked command in '/home/pumid/Desktop/athome/athome_ws/build/gesture_detection' returned '0': CMAKE_PREFIX_PATH=${CMAKE_PREFIX_PATH}:/home/pumid/Desktop/fra333/learning_ws/install/urdf_tutorial_r2d2:/opt/ros/foxy /usr/bin/cmake --install /home/pumid/Desktop/athome/athome_ws/build/gesture_detection
[0.523s] Level 1:colcon.colcon_core.environment:checking '/home/pumid/Desktop/athome/athome_ws/install/gesture_detection' for CMake module files
[0.524s] Level 1:colcon.colcon_core.environment:checking '/home/pumid/Desktop/athome/athome_ws/install/gesture_detection' for CMake config files
[0.524s] Level 1:colcon.colcon_core.shell:create_environment_hook('gesture_detection', 'cmake_prefix_path')
[0.525s] INFO:colcon.colcon_core.shell:Creating environment hook '/home/pumid/Desktop/athome/athome_ws/install/gesture_detection/share/gesture_detection/hook/cmake_prefix_path.ps1'
[0.526s] INFO:colcon.colcon_core.shell:Creating environment descriptor '/home/pumid/Desktop/athome/athome_ws/install/gesture_detection/share/gesture_detection/hook/cmake_prefix_path.dsv'
[0.526s] INFO:colcon.colcon_core.shell:Creating environment hook '/home/pumid/Desktop/athome/athome_ws/install/gesture_detection/share/gesture_detection/hook/cmake_prefix_path.sh'
[0.527s] Level 1:colcon.colcon_core.environment:checking '/home/pumid/Desktop/athome/athome_ws/install/gesture_detection/lib'
[0.527s] Level 1:colcon.colcon_core.environment:checking '/home/pumid/Desktop/athome/athome_ws/install/gesture_detection/bin'
[0.527s] Level 1:colcon.colcon_core.environment:checking '/home/pumid/Desktop/athome/athome_ws/install/gesture_detection/lib/pkgconfig/gesture_detection.pc'
[0.527s] Level 1:colcon.colcon_core.environment:checking '/home/pumid/Desktop/athome/athome_ws/install/gesture_detection/lib/python3.8/site-packages'
[0.527s] Level 1:colcon.colcon_core.shell:create_environment_hook('gesture_detection', 'pythonpath')
[0.528s] INFO:colcon.colcon_core.shell:Creating environment hook '/home/pumid/Desktop/athome/athome_ws/install/gesture_detection/share/gesture_detection/hook/pythonpath.ps1'
[0.529s] INFO:colcon.colcon_core.shell:Creating environment descriptor '/home/pumid/Desktop/athome/athome_ws/install/gesture_detection/share/gesture_detection/hook/pythonpath.dsv'
[0.529s] INFO:colcon.colcon_core.shell:Creating environment hook '/home/pumid/Desktop/athome/athome_ws/install/gesture_detection/share/gesture_detection/hook/pythonpath.sh'
[0.529s] Level 1:colcon.colcon_core.environment:checking '/home/pumid/Desktop/athome/athome_ws/install/gesture_detection/bin'
[0.531s] INFO:colcon.colcon_core.shell:Creating package script '/home/pumid/Desktop/athome/athome_ws/install/gesture_detection/share/gesture_detection/package.ps1'
[0.531s] INFO:colcon.colcon_core.shell:Creating package descriptor '/home/pumid/Desktop/athome/athome_ws/install/gesture_detection/share/gesture_detection/package.dsv'
[0.532s] INFO:colcon.colcon_core.shell:Creating package script '/home/pumid/Desktop/athome/athome_ws/install/gesture_detection/share/gesture_detection/package.sh'
[0.532s] INFO:colcon.colcon_core.shell:Creating package script '/home/pumid/Desktop/athome/athome_ws/install/gesture_detection/share/gesture_detection/package.bash'
[0.533s] INFO:colcon.colcon_core.shell:Creating package script '/home/pumid/Desktop/athome/athome_ws/install/gesture_detection/share/gesture_detection/package.zsh'
[0.533s] Level 1:colcon.colcon_core.environment:create_file_with_runtime_dependencies(/home/pumid/Desktop/athome/athome_ws/install/gesture_detection/share/colcon-core/packages/gesture_detection)
[0.574s] Level 1:colcon.colcon_core.environment:create_environment_scripts_only(gesture_detection)
[0.576s] Level 1:colcon.colcon_core.environment:checking '/home/pumid/Desktop/athome/athome_ws/install/gesture_detection' for CMake module files
[0.577s] Level 1:colcon.colcon_core.environment:checking '/home/pumid/Desktop/athome/athome_ws/install/gesture_detection' for CMake config files
[0.577s] Level 1:colcon.colcon_core.shell:create_environment_hook('gesture_detection', 'cmake_prefix_path')
[0.578s] INFO:colcon.colcon_core.shell:Creating environment hook '/home/pumid/Desktop/athome/athome_ws/install/gesture_detection/share/gesture_detection/hook/cmake_prefix_path.ps1'
[0.579s] INFO:colcon.colcon_core.shell:Creating environment descriptor '/home/pumid/Desktop/athome/athome_ws/install/gesture_detection/share/gesture_detection/hook/cmake_prefix_path.dsv'
[0.579s] INFO:colcon.colcon_core.shell:Creating environment hook '/home/pumid/Desktop/athome/athome_ws/install/gesture_detection/share/gesture_detection/hook/cmake_prefix_path.sh'
[0.580s] Level 1:colcon.colcon_core.environment:checking '/home/pumid/Desktop/athome/athome_ws/install/gesture_detection/lib'
[0.580s] Level 1:colcon.colcon_core.environment:checking '/home/pumid/Desktop/athome/athome_ws/install/gesture_detection/bin'
[0.580s] Level 1:colcon.colcon_core.environment:checking '/home/pumid/Desktop/athome/athome_ws/install/gesture_detection/lib/pkgconfig/gesture_detection.pc'
[0.580s] Level 1:colcon.colcon_core.environment:checking '/home/pumid/Desktop/athome/athome_ws/install/gesture_detection/lib/python3.8/site-packages'
[0.580s] Level 1:colcon.colcon_core.shell:create_environment_hook('gesture_detection', 'pythonpath')
[0.581s] INFO:colcon.colcon_core.shell:Creating environment hook '/home/pumid/Desktop/athome/athome_ws/install/gesture_detection/share/gesture_detection/hook/pythonpath.ps1'
[0.581s] INFO:colcon.colcon_core.shell:Creating environment descriptor '/home/pumid/Desktop/athome/athome_ws/install/gesture_detection/share/gesture_detection/hook/pythonpath.dsv'
[0.582s] INFO:colcon.colcon_core.shell:Creating environment hook '/home/pumid/Desktop/athome/athome_ws/install/gesture_detection/share/gesture_detection/hook/pythonpath.sh'
[0.582s] Level 1:colcon.colcon_core.environment:checking '/home/pumid/Desktop/athome/athome_ws/install/gesture_detection/bin'
[0.584s] INFO:colcon.colcon_core.shell:Creating package script '/home/pumid/Desktop/athome/athome_ws/install/gesture_detection/share/gesture_detection/package.ps1'
[0.584s] INFO:colcon.colcon_core.shell:Creating package descriptor '/home/pumid/Desktop/athome/athome_ws/install/gesture_detection/share/gesture_detection/package.dsv'
[0.585s] INFO:colcon.colcon_core.shell:Creating package script '/home/pumid/Desktop/athome/athome_ws/install/gesture_detection/share/gesture_detection/package.sh'
[0.585s] INFO:colcon.colcon_core.shell:Creating package script '/home/pumid/Desktop/athome/athome_ws/install/gesture_detection/share/gesture_detection/package.bash'
[0.585s] INFO:colcon.colcon_core.shell:Creating package script '/home/pumid/Desktop/athome/athome_ws/install/gesture_detection/share/gesture_detection/package.zsh'
[0.586s] Level 1:colcon.colcon_core.environment:create_file_with_runtime_dependencies(/home/pumid/Desktop/athome/athome_ws/install/gesture_detection/share/colcon-core/packages/gesture_detection)
[0.586s] DEBUG:colcon.colcon_parallel_executor.executor.parallel:closing loop
[0.586s] DEBUG:colcon.colcon_parallel_executor.executor.parallel:loop closed
[0.587s] DEBUG:colcon.colcon_parallel_executor.executor.parallel:run_until_complete finished with '0'
[0.587s] DEBUG:colcon.colcon_core.event_reactor:joining thread
[0.597s] INFO:colcon.colcon_core.plugin_system:Skipping extension 'colcon_notification.desktop_notification.terminal_notifier': Not used on non-Darwin systems
[0.597s] INFO:colcon.colcon_core.plugin_system:Skipping extension 'colcon_notification.desktop_notification.win32': Not used on non-Windows systems
[0.597s] INFO:colcon.colcon_notification.desktop_notification:Sending desktop notification using 'notify2'
[0.616s] DEBUG:colcon.colcon_core.event_reactor:joined thread
[0.618s] INFO:colcon.colcon_core.shell:Creating prefix script '/home/pumid/Desktop/athome/athome_ws/install/local_setup.ps1'
[0.620s] INFO:colcon.colcon_core.shell:Creating prefix util module '/home/pumid/Desktop/athome/athome_ws/install/_local_setup_util_ps1.py'
[0.622s] INFO:colcon.colcon_core.shell:Creating prefix chain script '/home/pumid/Desktop/athome/athome_ws/install/setup.ps1'
[0.625s] INFO:colcon.colcon_core.shell:Creating prefix script '/home/pumid/Desktop/athome/athome_ws/install/local_setup.sh'
[0.626s] INFO:colcon.colcon_core.shell:Creating prefix util module '/home/pumid/Desktop/athome/athome_ws/install/_local_setup_util_sh.py'
[0.627s] INFO:colcon.colcon_core.shell:Creating prefix chain script '/home/pumid/Desktop/athome/athome_ws/install/setup.sh'
[0.629s] INFO:colcon.colcon_core.shell:Creating prefix script '/home/pumid/Desktop/athome/athome_ws/install/local_setup.bash'
[0.629s] INFO:colcon.colcon_core.shell:Creating prefix chain script '/home/pumid/Desktop/athome/athome_ws/install/setup.bash'
[0.631s] INFO:colcon.colcon_core.shell:Creating prefix script '/home/pumid/Desktop/athome/athome_ws/install/local_setup.zsh'
[0.631s] INFO:colcon.colcon_core.shell:Creating prefix chain script '/home/pumid/Desktop/athome/athome_ws/install/setup.zsh'
